WP_205850983.1	mphc:DMC14_002020	66.0	285	95	1	1	285	1	283	8.72e-134	385
WP_205850986.1	aai:AARI_04680	29.3	116	82	0	655	770	123	238	4.33e-09	66.6
WP_205850988.1	syf:Synpcc7942_2454	23.2	276	189	5	69	332	154	418	6.27e-10	66.6
WP_205850995.1	haxi:HAALTHF_04080n	38.5	143	86	1	3	143	491	633	9.59e-18	84.7
WP_205850999.1	mphc:DMC14_000105	79.1	886	184	1	1	885	1	886	0.0	1419
WP_205851000.1	mphc:DMC14_000110	81.9	370	67	0	1	370	1	370	6.79e-225	622
WP_205851006.1	eof:NARSGI1_02630	32.8	180	107	5	10	180	212	386	8.32e-10	62.8
WP_205851013.1	mphc:DMC14_000190	76.8	380	88	0	1	380	1	380	2.37e-210	587
WP_205851017.1	iva:Isova_2221	23.9	230	155	7	392	608	43	265	3.50e-11	72.8
WP_205851024.1	ttm:Tthe_1587	31.6	310	168	13	11	285	12	312	1.68e-20	101
WP_205851025.1	mphc:DMC14_000040	61.7	287	110	0	1	287	1	287	5.47e-123	358
WP_205851026.1	cad:Curi_c25190	27.4	435	241	16	9	394	2	410	2.82e-32	134
WP_205851029.1	marg:MARG145_0749	89.4	397	42	0	1	397	1	397	4.99e-259	711
WP_205851030.1	mphc:DMC14_000360	77.6	326	73	0	1	326	1	326	1.10e-178	502
WP_205851034.1	mphc:DMC14_000390	78.4	185	40	0	6	190	6	190	9.18e-106	306
WP_205851048.1	eat:EAT1b_2867	29.2	178	104	7	8	185	3	158	3.49e-10	63.9
WP_205851051.1	mhj:MHJ_0591	36.4	118	73	1	1	118	1	116	1.00e-16	75.5
WP_205851053.1	mphc:DMC14_001230	88.4	579	67	0	1	579	1	579	0.0	1049
WP_205851058.1	mja:MJ_0965	23.6	233	160	6	1	217	12	242	3.71e-06	52.8
WP_205851059.1	mphc:DMC14_001260	64.5	290	103	0	1	290	1	290	4.83e-127	368
WP_205851064.1	mphc:DMC14_001290	76.1	142	34	0	1	142	1	142	1.69e-71	216
WP_205851067.1	arh:AHiyo8_44430	26.8	190	121	5	92	268	54	238	1.80e-09	65.5
WP_205851077.1	mhn:MHP168_014	41.8	79	44	2	7	85	2	78	1.01e-12	67.4
WP_205851083.1	bgz:XH91_19540	31.2	109	70	2	63	168	64	170	3.64e-07	54.3
WP_205851087.1	marg:MARG145_0639	93.9	347	21	0	1	347	1	347	1.15e-241	663
WP_205851094.1	pfi:PFC_04760	37.8	90	54	2	21	109	13	101	4.13e-12	63.9
WP_205851100.1	mphc:DMC14_002495	86.9	320	42	0	1	320	1	320	5.73e-201	558
WP_205851104.1	saf:SULAZ_1426	29.8	373	238	8	27	399	7	355	4.97e-37	149
WP_205851106.1	fpr:FP2_02770	24.2	227	164	3	20	245	22	241	4.94e-17	85.9
WP_205851107.1	mphc:DMC14_001490	91.0	321	29	0	1	321	1	321	9.30e-208	575
WP_205851108.1	mphc:DMC14_001495	73.2	437	116	1	1	437	1	436	7.62e-240	666
WP_205851112.1	rhj:HZY79_12550	32.4	188	116	6	3	179	350	537	2.20e-13	75.5
WP_205851123.1	mphc:DMC14_001085	92.2	334	26	0	1	334	1	334	8.19e-224	617
WP_205851130.1	mphc:DMC14_002640	72.0	150	42	0	1	150	1	150	5.99e-78	233
WP_205851137.1	aba:Acid345_2395	27.2	283	182	7	14	278	8	284	4.40e-22	103
WP_205851139.1	mphc:DMC14_002690	76.3	207	49	0	1	207	1	207	1.02e-108	315
WP_205851142.1	mphc:DMC14_002705	74.3	284	73	0	1	284	1	284	4.76e-152	431
WP_205851145.1	marg:MARG145_0556	81.2	458	86	0	1	458	1	458	2.52e-269	742
WP_205851150.1	mpu:MYPU_1770	34.8	161	103	2	39	198	14	173	2.26e-26	111
WP_205851154.1	net:Neut_0908	33.3	162	102	2	3	158	442	603	3.58e-22	98.6
WP_205851157.1	echg:FY206_05140	31.0	281	169	7	5	275	587	852	3.19e-29	122
WP_205851179.1	mphc:DMC14_002320	88.0	417	50	0	1	417	1	417	1.57e-268	737
WP_205851202.1	cuj:CUL131002_1183c	27.5	142	94	5	2	135	427	567	1.14e-06	52.4
WP_205851205.1	asac:ATHSA_0965	37.3	126	65	6	24	139	18	139	5.20e-08	56.2
WP_205851217.1	mphc:DMC14_000470	84.2	209	33	0	1	209	1	209	1.07e-127	363
WP_205851218.1	marg:MARG145_0382	90.5	220	21	0	1	220	1	220	3.73e-138	390
WP_205851225.1	mcan:MCAN360_0483	65.7	99	34	0	1	99	1	99	3.13e-43	141
WP_205851230.1	mcan:MCAN360_0490	56.1	98	43	0	1	98	1	98	2.79e-32	113
WP_205851231.1	mphc:DMC14_000550	74.1	432	112	0	6	437	6	437	6.71e-233	649
WP_205851262.1	aaxa:NCTC10138_01451	47.1	174	85	4	2	173	489	657	9.40e-40	147
WP_205851263.1	tle:Tlet_1410	38.5	78	44	1	115	188	210	287	4.12e-04	47.8
WP_205851273.1	mamo:A6B35_32655	30.0	277	180	6	78	341	107	382	2.88e-29	121
WP_205851275.1	mphc:DMC14_001850	72.4	301	76	3	1	300	1	295	5.35e-144	412
WP_205851283.1	pth:PTH_0951	31.0	268	125	5	23	289	25	233	2.57e-29	124
WP_205851284.1	kal:KALB_1452	35.3	238	148	3	2	238	326	558	3.45e-41	154
WP_205851286.1	mphc:DMC14_001790	86.7	181	24	0	1	181	1	181	2.01e-109	315
WP_205851294.1	mphc:DMC14_001745	79.2	419	87	0	1	419	1	419	2.95e-239	663
WP_205851301.1	mphc:DMC14_001710	61.4	251	97	0	1	251	1	251	3.08e-105	310
WP_205851305.1	rum:CK1_05510	30.0	140	98	0	86	225	2	141	8.78e-10	64.3
WP_205851309.1	fpd:CTM68_09620	35.3	68	43	1	5	71	539	606	1.92e-04	43.5
WP_205851336.1	dae:Dtox_2831	34.8	132	77	6	2	125	5	135	6.25e-13	68.9
WP_205851339.1	dsf:UWK_00711	27.2	213	119	8	77	288	3	180	3.76e-06	54.3
WP_205851345.1	nio:NITINOP_1277	34.2	149	85	3	6	141	14	162	5.00e-11	72.4
WP_205851388.1	mphc:DMC14_002140	76.3	215	51	0	25	239	19	233	8.96e-120	345
WP_205851410.1	mphc:DMC14_002265	95.9	242	10	0	1	242	1	242	5.77e-160	447
WP_205851412.1	mphc:DMC14_002275	75.1	325	80	1	1	324	1	325	1.26e-174	491
WP_205851421.1	mphc:DMC14_003040	82.3	447	79	0	1	447	1	447	7.53e-277	760
WP_205851436.1	mphc:DMC14_002945	84.7	333	51	0	1	333	1	333	6.77e-188	526
WP_205851447.1	mboh:CO229_03480	32.1	243	157	5	6	243	4	243	2.79e-27	111
WP_205851448.1	gha:NCTC10459_00285	31.6	79	54	0	19	97	20	98	8.53e-10	56.6
WP_205851453.1	mphc:DMC14_003170	86.5	355	48	0	1	355	1	355	2.20e-234	645
WP_205851454.1	mphc:DMC14_003175	69.2	412	126	1	1	412	1	411	2.43e-203	572
WP_205851468.1	baml:BAM5036_0756	30.3	175	111	5	3	172	2	170	1.60e-11	66.2
WP_205851485.1	lagg:B0E33_10030	24.2	240	143	5	7	224	6	228	2.25e-04	48.1
WP_205851507.1	bcad:DBX24_01665	26.2	202	138	4	145	343	206	399	2.49e-05	52.8
WP_205851513.1	mphc:DMC14_003080	78.2	449	98	0	1	449	1	449	2.13e-247	686
WP_205851517.1	dat:HRM2_10850	30.2	212	132	5	32	231	308	515	2.01e-11	68.9
WP_205851518.1	mphc:DMC14_002305	69.6	332	101	0	1	332	1	332	8.13e-163	462
WP_205851522.1	mphc:DMC14_000295	65.4	517	179	0	3	519	2	518	3.76e-253	706
WP_205851524.1	mphc:DMC14_000305	76.8	302	70	0	1	302	1	302	6.24e-172	483
WP_205851528.1	mphc:DMC14_003145	73.1	130	35	0	1	130	1	130	4.62e-64	196
WP_241006039.1	aai:AARI_04680	30.0	243	148	6	86	323	13	238	5.00e-18	92.4
WP_263752310.1	marg:MARG145_0429	70.7	249	73	0	1	249	1	249	9.49e-135	384
WP_263752346.1	mcan:MCAN360_0469	89.5	238	25	0	1	238	1	238	1.56e-148	418
WP_263752356.1	mphc:DMC14_000555	73.0	471	127	0	1	471	1	471	1.06e-237	663
WP_263752369.1	piv:NCTC13079_00754	36.5	74	43	2	638	711	469	538	2.80e-04	50.8
WP_263752375.1	mphc:DMC14_000670	86.4	604	82	0	5	608	4	607	0.0	1040
WP_263752383.1	mphc:DMC14_000805	90.3	1199	114	1	1	1199	1	1197	0.0	2144
WP_263752398.1	mcan:MCAN360_0272	93.2	311	21	0	1	311	1	311	7.69e-206	569
WP_263752403.1	mphc:DMC14_001365	77.1	279	64	0	2	280	3	281	7.02e-150	425
WP_263752405.1	mphc:DMC14_001355	91.7	410	34	0	1	410	1	410	5.46e-281	768
WP_263752438.1	clt:CM240_0546	28.5	172	106	7	153	317	38	199	5.97e-05	51.6
WP_263752474.1	mphc:DMC14_000240	78.9	394	83	0	1	394	1	394	1.88e-225	626
WP_263752531.1	mphc:DMC14_001780	68.4	288	90	1	1	287	1	288	3.18e-133	384
WP_263752546.1	mphc:DMC14_001835	66.1	322	109	0	4	325	1	322	7.41e-150	429
WP_263752548.1	marg:MARG145_0096	53.4	504	230	3	1	504	1	499	1.11e-179	519
WP_263752586.1	mphc:DMC14_001040	55.4	231	103	0	1	231	1	231	2.19e-84	255
WP_263752603.1	mphc:DMC14_002615	87.1	325	42	0	1	325	1	325	8.43e-217	598
WP_263752618.1	mphc:DMC14_002670	63.6	214	78	0	1	214	1	214	1.00e-96	285
WP_263752643.1	mphc:DMC14_002785	51.6	312	145	3	1	311	7	313	1.99e-108	323
WP_263752657.1	pth:PTH_0951	31.7	221	129	4	26	240	18	222	4.64e-19	93.6
WP_263752674.1	lhf:JCM16775_2483	30.3	198	129	2	9	206	223	411	5.14e-17	86.7
WP_263752694.1	mphc:DMC14_002110	87.5	352	43	1	1	351	1	352	2.93e-212	589
WP_263752722.1	mphc:DMC14_001165	85.7	795	114	0	1	795	3	797	0.0	1426
WP_263752744.1	baci:B1NLA3E_04620	28.5	284	163	12	1	263	1	265	6.29e-18	86.7
WP_263752758.1	marg:MARG145_0159	84.6	182	28	0	1	182	1	182	1.20e-109	315
WP_263752814.1	got:AXE85_05220	26.8	157	89	4	33	175	48	192	4.25e-07	55.1
WP_263752859.1	mphc:DMC14_002855	88.8	394	44	0	1	394	1	394	4.93e-269	736
WP_263773879.1	mphc:DMC14_000810	86.7	1478	187	4	1	1473	1	1474	0.0	2484
WP_263773883.1	pcay:FRD00_13355	28.0	186	102	4	112	265	4	189	6.22e-10	68.6
WP_263773884.1	mphc:DMC14_000625	83.5	309	51	0	1	309	1	309	1.84e-195	543
WP_263773887.1	mphc:DMC14_000610	76.5	497	117	0	6	502	3	499	7.78e-281	775
WP_263773888.1	mphc:DMC14_000585	69.2	990	303	1	1	988	1	990	0.0	1346
WP_263773889.1	mphc:DMC14_000580	75.5	294	72	0	1	294	1	294	6.37e-162	457
WP_263773894.1	mphc:DMC14_000525	81.7	262	48	0	1	262	1	262	1.58e-157	443
WP_263773897.1	marg:MARG145_0381	79.1	430	90	0	1	430	1	430	4.04e-236	656
WP_263773898.1	mphc:DMC14_000465	93.1	317	22	0	1	317	1	317	3.33e-217	598
WP_263773902.1	mchc:CK556_03805	31.7	221	107	8	25	207	27	241	1.50e-11	72.4
WP_263773903.1	mphc:DMC14_001570	84.3	312	49	0	1	312	1	312	2.76e-188	525
WP_263773904.1	mphc:DMC14_001565	76.0	722	173	0	1	722	1	722	0.0	1100
WP_263773905.1	mphc:DMC14_001535	67.8	391	126	0	1	391	1	391	1.13e-194	548
WP_263773906.1	mphc:DMC14_001520	73.2	366	98	0	1	366	1	366	1.21e-202	566
WP_263773910.1	marg:MARG145_0421	90.1	171	17	0	1	171	1	171	3.36e-104	301
WP_263773911.1	marg:MARG145_0008	59.1	186	76	0	6	191	2	187	1.62e-80	242
WP_263773919.1	uue:UUR10_0061	34.7	320	162	10	120	396	771	1086	1.59e-40	160
WP_263773931.1	mphc:DMC14_000570	75.0	836	209	0	1	836	1	836	0.0	1301
WP_263773936.1	gle:CJD39_08640	31.6	231	135	6	24	253	388	596	6.84e-21	100
WP_263773937.1	mphc:DMC14_001890	87.6	453	55	1	1	452	1	453	2.43e-302	826
WP_263773939.1	mbc:MYB_02065	44.9	167	86	3	2	165	1	164	6.58e-35	139
WP_263773942.1	mphc:DMC14_001815	73.3	658	176	0	9	666	7	664	0.0	953
WP_263773944.1	mphc:DMC14_001785	82.5	212	37	0	1	212	1	212	3.96e-125	357
WP_263773947.1	mphc:DMC14_001750	83.7	557	88	2	1	555	1	556	0.0	934
WP_263773948.1	bhp:BHAMNSH16_08165	24.6	338	212	10	3	314	10	330	4.14e-12	72.8
WP_263773950.1	mphc:DMC14_001695	74.2	612	158	0	1	612	1	612	0.0	883
WP_263773955.1	mif:Metin_1239	41.9	86	48	2	63	148	45	128	1.62e-12	69.7
WP_263773959.1	mphc:DMC14_001625	78.3	221	48	0	3	223	2	222	2.55e-117	338
WP_263773960.1	acl:ACL_1403	32.6	261	151	8	53	301	99	346	2.08e-21	102
WP_263773961.1	mphc:DMC14_001615	69.8	324	98	0	1	324	1	324	1.35e-160	456
WP_263773972.1	mphc:DMC14_003155	91.1	224	20	0	1	224	1	224	4.56e-146	411
WP_263773973.1	smup:SMPSPU_235	29.1	196	113	7	28	215	44	221	2.22e-08	58.9
WP_263773975.1	crs:FQB35_10995	40.0	110	51	4	233	335	9	110	6.78e-10	65.9
WP_263773980.1	mphc:DMC14_000365	85.2	378	56	0	1	378	1	378	7.59e-238	656
WP_263773981.1	myt:MYE_00075	58.1	117	49	0	1	117	1	117	1.87e-40	144
WP_263773989.1	mphc:DMC14_001225	88.6	333	38	0	3	335	2	334	1.34e-204	568
WP_263773993.1	mphc:DMC14_001265	86.8	212	28	0	10	221	1	212	1.12e-126	361
WP_263773994.1	mphc:DMC14_001280	72.1	678	176	3	1	666	1	677	0.0	943
WP_263773997.1	hol:HORIV_58920	41.3	104	60	1	25	127	425	528	6.65e-14	81.3
WP_263773998.1	mbov:MBVG596_0635	21.2	208	119	5	4	202	2	173	6.50e-04	47.8
WP_263774005.1	mphc:DMC14_001400	90.6	541	51	0	1	541	1	541	0.0	974
WP_263774006.1	mphc:DMC14_001410	72.3	404	112	0	1	404	1	404	3.19e-217	606
WP_263774008.1	bpsi:IX83_06805	33.8	74	45	2	25	98	12	81	1.14e-04	50.4
WP_263774010.1	mphc:DMC14_002435	89.3	488	52	0	1	488	1	488	0.0	879
WP_263774013.1	pth:PTH_0951	31.6	225	141	7	79	298	5	221	1.05e-17	89.7
WP_263774018.1	myt:MYE_00075	66.1	257	85	2	1	255	143	399	2.31e-114	338
WP_263774020.1	mphc:DMC14_002860	81.3	477	89	0	1	477	1	477	5.72e-294	806
WP_263774021.1	marg:MARG145_0344	71.3	303	87	0	2	304	19	321	3.98e-156	444
WP_263774027.1	mphc:DMC14_002980	75.0	220	55	0	1	220	1	220	2.06e-111	323
WP_263774028.1	mphc:DMC14_002990	81.2	463	87	0	1	463	1	463	4.68e-279	767
WP_263774030.1	apr:Apre_0330	37.8	119	73	1	13	131	28	145	1.77e-16	80.1
WP_263774031.1	hol:HORIV_58920	44.7	103	56	1	14	115	430	532	2.83e-20	99.8
WP_263774037.1	cfn:CFAL_02435	24.0	146	89	2	71	204	260	395	1.25e-04	48.9
WP_263774043.1	mphc:DMC14_001145	84.8	890	135	0	1	890	1	890	0.0	1569
WP_263774050.1	mphc:DMC14_001140	82.9	801	137	0	2	802	1	801	0.0	1385
WP_263774052.1	daa:AKL17_1428	34.2	190	113	5	33	216	373	556	4.96e-22	99.4
WP_263774053.1	mphc:DMC14_002725	83.4	458	73	1	1	458	1	455	6.77e-271	746
WP_263774054.1	aai:AARI_04680	29.1	206	138	3	32	230	17	221	3.48e-17	88.2
WP_263774057.1	mdv:C5Q96_00430	38.7	168	102	1	28	194	38	205	3.84e-28	116
WP_263774059.1	marg:MARG145_0536	82.9	420	72	0	1	420	3	422	2.86e-253	699
WP_263774063.1	marg:MARG145_0532	88.4	473	55	0	1	473	1	473	1.58e-305	835
WP_263774069.1	mphc:DMC14_002675	89.4	282	30	0	1	282	1	282	2.33e-181	505
WP_263774073.1	dex:HWD60_13890	24.2	256	186	4	1	251	1	253	4.81e-19	92.4
WP_263774075.1	mphc:DMC14_002610	84.1	328	52	0	1	328	1	328	6.76e-209	578
WP_263774076.1	mphc:DMC14_001055	85.5	365	53	0	1	365	1	365	3.46e-220	610
WP_263774080.1	scv:A4G25_00960	27.9	315	183	13	337	635	13	299	5.01e-12	73.6
WP_263774081.1	mros:EHO51_00445	40.2	87	42	4	24	100	33	119	1.09e-06	56.2
WP_263774083.1	rum:CK1_05510	29.5	132	91	2	94	225	12	141	2.98e-07	56.6
WP_263774084.1	vei:Veis_0353	25.1	207	144	5	381	583	26	225	6.13e-11	72.0
WP_263774085.1	mev:Metev_0911	36.1	97	59	2	36	132	12	105	7.55e-08	61.6
WP_263774089.1	dti:Desti_0268	29.5	88	62	0	156	243	502	589	3.17e-06	56.2
WP_263774090.1	mphc:DMC14_003225	87.6	458	57	0	1	458	1	458	3.45e-290	795
WP_263774091.1	bpl:BURPS1106A_1037	27.9	208	149	1	5	211	17	224	7.30e-17	85.5
WP_263774094.1	amij:EQM06_11740	24.1	224	151	7	27	234	41	261	1.94e-08	60.1
WP_263774095.1	tro:trd_0207	29.5	149	103	2	1	149	280	426	2.39e-13	79.3
WP_263774102.1	mphc:DMC14_002025	71.5	242	69	0	1	242	1	242	2.46e-124	357
WP_263774104.1	sbr:SY1_23010	28.1	199	141	2	5	202	8	205	7.02e-13	74.7
WP_263774109.1	sgq:SGLAD_v1c06850	24.6	289	200	6	8	284	2	284	1.94e-14	77.8
WP_263774112.1	psuu:Psuf_007680	57.7	163	69	0	3	165	387	549	9.35e-55	206
WP_263774120.1	mphc:DMC14_002280	79.3	1442	292	3	1	1438	1	1439	0.0	2331
WP_263774123.1	cnr:EB819_04355	26.6	617	334	15	95	710	303	801	4.80e-41	169
WP_263774125.1	mphc:DMC14_000060	77.2	522	119	0	1	522	1	522	1.76e-302	832
