WP_258210602.1	pth:PTH_0951	32.3	220	138	7	60	275	9	221	4.61e-20	95.9
WP_258210606.1	mpu:MYPU_2780	64.5	155	54	1	1	155	1	154	5.33e-72	218
WP_258210607.1	rum:CK1_05510	27.2	151	109	1	88	238	3	152	1.08e-10	67.0
WP_258210608.1	mcy:MCYN_0263	45.9	303	151	5	6	299	4	302	6.42e-83	257
WP_258210610.1	mds:MDIS_02795	54.7	647	286	4	1	644	1	643	6.05e-237	677
WP_258210616.1	mhr:MHR_0611	70.2	332	96	2	1	329	1	332	7.49e-147	422
WP_258210618.1	mhr:MHR_0509	54.7	236	107	0	5	240	6	241	2.72e-90	271
WP_258210620.1	mcy:MCYN_0005	72.4	228	59	2	1	225	1	227	4.13e-115	333
WP_258210621.1	mhs:MOS_123	48.9	657	328	4	10	662	19	671	3.44e-209	607
WP_258210623.1	kal:KALB_1452	35.1	242	133	3	22	263	341	558	2.73e-40	153
WP_258210624.1	kal:KALB_1452	34.7	239	149	3	2	239	326	558	1.68e-39	149
WP_258210625.1	hth:HTH_1512	27.2	346	229	10	1	331	1	338	4.84e-31	130
WP_258210626.1	mhh:MYM_0100	57.3	323	138	0	1	323	1	323	5.48e-132	384
WP_258210627.1	mbv:MBOVPG45_0069	31.7	265	174	5	2	261	1	263	4.91e-36	134
WP_258210629.1	coo:CCU_27490	29.2	113	78	1	583	693	2	114	1.94e-05	50.8
WP_258210630.1	mpu:MYPU_3390	70.8	411	120	0	1	411	1	411	4.96e-210	588
WP_258210632.1	mpu:MYPU_3270	59.7	129	52	0	11	139	3	131	3.83e-49	159
WP_258210638.1	mphc:DMC14_001410	46.8	404	207	4	7	409	8	404	2.39e-121	363
WP_258210639.1	pcx:LPB68_19075	29.9	137	91	3	43	176	20	154	1.80e-08	57.0
WP_258210641.1	mpu:MYPU_4830	78.6	327	70	0	3	329	5	331	1.29e-183	515
WP_258210644.1	mco:MCJ_005790	53.1	554	252	6	14	562	13	563	1.41e-205	590
WP_258210645.1	marg:MARG145_0057	51.5	404	192	3	1	403	1	401	7.46e-129	383
WP_258210652.1	llf:BCR17_05135	30.1	133	72	4	8	123	11	139	6.55e-06	53.9
WP_258210653.1	mhs:MOS_139	62.7	327	121	1	1	326	1	327	1.62e-138	400
WP_258210657.1	mhr:MHR_0067	55.5	220	98	0	2	221	3	222	4.24e-75	231
WP_258210658.1	ehl:EHLA_3331	32.9	280	164	9	54	325	107	370	8.28e-27	117
WP_258210660.1	aaxa:NCTC10138_01451	47.4	173	85	4	2	172	489	657	1.38e-41	152
WP_258210664.1	mmo:MMOB3600	34.6	312	195	6	1	308	1	307	2.95e-50	174
WP_258210666.1	mcm:MCAL160_0070	62.9	480	174	1	1	480	1	476	2.35e-221	622
WP_258210667.1	mgb:VO56_01560	74.7	454	112	2	1	453	1	452	6.07e-241	670
WP_258210672.1	mhm:SRH_03110	45.2	725	385	8	1	715	1	723	5.02e-204	597
WP_258210673.1	mphc:DMC14_001570	62.1	311	117	1	2	312	3	312	7.83e-132	382
WP_258210674.1	fno:Fnod_0277	29.0	221	119	7	1	185	1	219	9.24e-14	79.0
WP_258210675.1	mhh:MYM_0452	46.5	226	104	5	1	224	1	211	1.46e-56	184
WP_258210683.1	mco:MCJ_000700	65.3	625	202	6	1	613	1	622	1.01e-276	774
WP_258210684.1	mcd:MCRO_0412	64.3	311	107	1	1	307	1	311	1.95e-128	373
WP_258210685.1	mcy:MCYN_0510	81.6	331	61	0	5	335	3	333	1.08e-196	548
WP_258210686.1	mamo:A6B35_32655	29.9	264	169	6	87	337	118	378	2.09e-27	116
WP_258210691.1	mpu:MYPU_0210	44.4	457	252	2	1	457	1	455	3.54e-136	404
WP_258210694.1	mck:AXW82_00300	55.6	99	41	1	3	98	5	103	1.59e-29	106
WP_258210695.1	mpul:BLA55_02715	53.9	245	112	1	1	244	3	247	1.02e-83	255
WP_258210698.1	mpn:MPN320	76.0	287	69	0	1	287	1	287	1.67e-165	465
WP_258210699.1	mpu:MYPU_5370	56.6	159	67	2	1	158	17	174	1.07e-63	198
WP_258210700.1	sgq:SGLAD_v1c01520	25.5	271	189	7	1	259	5	274	2.63e-15	79.7
WP_258210702.1	mpul:BLA55_01085	52.9	796	340	9	2	785	3	775	6.63e-266	760
WP_258210706.1	mcy:MCYN_0760	45.5	301	162	2	1	301	1	299	2.14e-85	263
WP_258210707.1	mpu:MYPU_1290	48.4	692	338	8	1	678	1	687	1.25e-201	589
WP_258210710.1	cthd:CDO33_17660	46.8	94	46	3	77	167	59	151	8.26e-13	70.5
WP_258210712.1	mbc:MYB_02220	67.8	398	123	5	3	399	5	398	1.88e-192	543
WP_258210714.1	mhr:MHR_0132	62.6	886	329	2	1	885	1	885	0.0	1120
WP_258210716.1	saf:SULAZ_1426	34.6	376	207	9	10	384	22	359	2.36e-49	184
WP_258210717.1	mhr:MHR_0273	55.7	537	231	4	1	532	1	535	4.00e-214	609
WP_258210718.1	mhr:MHR_0350	54.8	330	149	0	1	330	3	332	3.26e-126	369
WP_258210719.1	msy:MS53_0193	30.5	233	143	4	1	215	16	247	2.22e-24	102
WP_258210722.1	mdv:C5Q96_00430	34.6	208	125	2	1	197	1	208	4.44e-24	104
WP_258210723.1	mpu:MYPU_1770	38.8	178	109	0	1	178	1	178	1.64e-41	152
WP_258210734.1	shj:SHELI_v1c09560	42.2	303	167	4	2	301	3	300	4.66e-70	224
WP_258210735.1	gtn:GTNG_3173	50.8	128	59	2	8	133	6	131	1.21e-36	127
WP_258210736.1	fpa:FPR_29210	28.4	215	146	6	1	211	1	211	7.25e-14	80.5
WP_258210739.1	mcou:NCTC10179_00512	36.5	271	154	8	4	264	3	265	3.54e-35	132
WP_258210740.1	msal:DSM43276_02439	34.4	96	57	3	8	101	12	103	3.61e-11	60.5
WP_258210741.1	mmo:MMOB4560	40.3	447	262	3	1	443	55	500	7.34e-115	351
WP_258210745.1	mhh:MYM_0296	46.9	196	101	2	2	195	7	201	5.82e-52	171
WP_258210746.1	mgb:VO56_02815	56.0	409	175	3	1	406	1	407	5.03e-153	444
WP_258210749.1	mhr:MHR_0539	37.3	268	159	6	14	275	15	279	5.68e-47	164
WP_258210750.1	sdo:SD1155_07240	28.8	271	166	11	10	266	5	262	9.29e-17	83.6
WP_258210751.1	sbr:SY1_23010	31.7	167	112	2	28	194	32	196	4.15e-15	81.3
WP_258210752.1	mani:DP067_03720	57.6	177	73	2	9	185	8	182	2.64e-65	203
WP_258210753.1	mts:MTES_0397	36.3	80	48	1	2	78	151	230	9.30e-10	58.5
WP_258210755.1	dex:HWD60_13890	26.2	260	188	3	1	257	1	259	3.59e-21	98.6
WP_258210756.1	dat:HRM2_08670	31.8	557	362	8	5	553	753	1299	3.42e-80	280
WP_258210765.1	aar:Acear_1950	32.3	334	192	13	10	318	9	333	1.30e-36	146
WP_258210766.1	mmo:MMOB1600	56.8	273	115	1	6	275	2	274	4.52e-97	291
WP_258210767.1	mgly:NCTC10194_00133	56.5	826	356	3	1	825	1	824	0.0	959
WP_258210773.1	mpu:MYPU_0130	56.0	443	194	1	1	443	1	442	1.50e-170	491
WP_258210782.1	mcas:AAW50_02320	60.3	375	144	2	3	376	2	372	1.16e-155	448
WP_258210783.1	mhn:MHP168_014	35.1	77	49	1	1	77	1	76	3.25e-06	48.5
WP_258210784.1	mclo:DK849_02730	49.8	536	259	7	7	534	8	541	2.84e-177	515
WP_258210787.1	daa:AKL17_1428	39.2	176	101	4	37	208	373	546	9.50e-26	109
WP_258210788.1	mans:FRW55_01880	54.5	275	125	0	4	278	1	275	1.97e-105	313
WP_258210789.1	rhj:HZY79_12550	35.1	185	109	5	9	182	353	537	1.19e-16	85.1
WP_258210796.1	mpul:BLA55_02315	58.7	378	155	1	2	379	3	379	4.75e-152	439
WP_258210798.1	mmo:MMOB2630	48.7	519	248	8	1	507	1	513	1.08e-159	468
WP_258210799.1	mmo:MMOB4120	53.3	321	147	3	1	319	1	320	7.27e-114	338
WP_258210803.1	mpe:MYPE9380	29.2	380	255	7	228	600	185	557	1.54e-43	173
WP_258210804.1	mge:MG_517	30.0	310	207	7	6	308	6	312	7.85e-30	122
WP_258210805.1	bbgw:UT28_C0001G0808	31.0	187	106	8	5	186	4	172	2.25e-11	67.4
WP_258210807.1	mpu:MYPU_2210	78.6	504	108	0	2	505	4	507	7.13e-298	818
WP_258210808.1	mcy:MCYN_0523	63.4	372	136	0	1	372	1	372	5.67e-167	476
WP_258210809.1	haxi:HAALTHF_04080n	45.3	128	67	1	22	146	506	633	3.64e-19	89.0
WP_258210813.1	mhr:MHR_0537	60.3	886	331	9	3	873	6	885	0.0	1025
WP_258210814.1	maa:MAG4650	26.1	505	299	21	56	515	16	491	2.25e-15	86.7
WP_258210815.1	bpsi:IX83_06805	42.9	49	27	1	50	98	34	81	1.96e-04	49.7
WP_258210817.1	mgly:NCTC10194_00267	71.7	286	80	1	4	288	3	288	1.67e-140	402
WP_258210818.1	ssch:LH95_10390	26.8	153	102	3	102	251	3	148	5.61e-04	45.8
WP_258210819.1	cbk:CLL_A1312	53.9	297	134	2	4	299	3	297	1.45e-106	317
WP_258210820.1	miw:EER00_03050	53.4	569	200	7	12	530	30	583	2.82e-196	574
WP_258210821.1	fpr:FP2_02770	25.2	238	145	7	16	243	22	236	5.33e-07	58.9
WP_258210824.1	cad:Curi_c26880	33.9	383	215	13	11	363	1	375	7.39e-50	176
WP_258210834.1	cts:Ctha_0031	26.3	293	172	13	6	264	225	507	2.47e-13	76.3
WP_258210836.1	mgly:NCTC10194_00055	54.9	421	186	1	1	421	1	417	1.61e-161	466
WP_258210844.1	mfr:MFE_04430	64.0	447	160	1	4	449	8	454	1.65e-210	593
WP_258210845.1	mpz:Marpi_0366	24.6	114	84	2	2	114	41	153	5.34e-06	53.9
WP_258210855.1	mgb:VO56_02980	61.2	454	173	3	3	454	4	456	2.93e-187	534
WP_258210856.1	aai:AARI_04680	28.4	134	93	1	615	745	123	256	3.75e-11	73.2
WP_258210860.1	mboh:CO229_01000	68.5	428	134	1	1	428	1	427	7.56e-210	589
WP_258210861.1	gmr:GmarT_33900	42.3	71	40	1	5	75	623	692	3.86e-05	47.0
WP_258210863.1	mgly:NCTC10194_00034	70.3	236	70	0	1	236	1	236	5.81e-114	331
WP_258210865.1	mat:MARTH_orf733	37.6	287	151	10	33	299	23	301	3.07e-43	155
WP_258210867.1	mhom:MLBD4_00025	38.7	367	222	2	1	367	1	364	1.41e-73	238
WP_258210869.1	psuu:Psuf_007680	53.1	160	75	0	6	165	387	546	1.92e-47	184
WP_258210872.1	mpu:MYPU_7130	59.0	305	125	0	2	306	3	307	3.11e-126	367
WP_258210874.1	fpa:FPR_29210	23.3	215	152	4	5	216	2	206	4.71e-09	62.4
WP_258210878.1	pfi:PFC_04760	42.4	92	51	2	16	106	12	102	2.36e-16	74.7
WP_258210881.1	mcac:MCCP01_0997	47.0	230	121	1	1	230	1	229	3.75e-66	210
WP_258210883.1	pstg:E8M01_18255	26.6	241	164	3	7	242	2	234	4.33e-11	72.0
WP_258210886.1	mcas:AAW50_03480	66.5	486	160	2	5	488	3	487	8.42e-229	642
WP_258210887.1	pof:GS400_19460	29.3	266	159	6	3	267	6	243	3.28e-20	92.4
WP_258210896.1	hol:HORIV_58920	47.0	100	52	1	43	141	429	528	1.76e-18	95.5
WP_258210898.1	arh:AHiyo8_44430	21.6	236	159	4	88	309	68	291	1.81e-07	58.9
WP_258210900.1	mpar:F7D14_00645	34.0	97	52	4	14	99	24	119	1.31e-07	54.7
WP_258210903.1	rum:CK1_05510	30.8	146	94	4	28	172	2	141	2.85e-10	63.9
WP_258210904.1	mfr:MFE_00740	53.6	319	145	3	1	317	1	318	5.28e-110	327
WP_258210905.1	mhs:MOS_007	55.1	316	140	2	11	326	7	320	1.38e-124	365
WP_258210906.1	mhr:MHR_0169	48.3	143	74	0	1	143	1	143	2.65e-41	139
WP_258210907.1	mck:AXW82_00635	62.6	803	289	3	1	802	1	793	0.0	1038
WP_258210909.1	ment:CS528_03035	87.6	340	42	0	1	340	1	340	3.73e-223	615
WP_258210910.1	pzi:CWO85_01355	31.8	129	77	3	20	148	6	123	1.86e-09	60.8
WP_258210911.1	sfz:SFLOR_v1c01000	77.6	715	159	1	7	721	8	721	0.0	1129
WP_258210912.1	magx:XM1_3032	32.3	251	136	9	11	229	27	275	1.70e-21	105
WP_258210914.1	mhr:MHR_0431	61.6	310	119	0	1	310	1	310	4.40e-129	375
WP_258210920.1	thu:AC731_011185	33.8	157	99	3	3	154	459	615	1.90e-18	88.2
WP_258210921.1	mboh:CO229_03505	48.6	292	144	4	2	289	6	295	4.51e-80	249
WP_258210922.1	loki:Lokiarch_05600	29.3	174	106	5	222	381	25	195	6.11e-04	49.3
WP_258210923.1	prm:EW15_0278	31.7	164	106	4	5	168	213	370	4.36e-08	57.8
WP_258210927.1	pfac:PFJ30894_01572	26.4	318	206	14	343	651	19	317	5.52e-11	70.5
WP_258210933.1	mpul:BLA55_02640	61.1	180	70	0	1	180	1	180	2.19e-65	203
WP_258210935.1	aba:Acid345_2395	29.1	285	168	8	13	274	9	282	1.25e-22	104
WP_258210936.1	mans:FRW55_02110	55.4	276	118	5	1	274	1	273	3.86e-96	289
WP_258210937.1	mpu:MYPU_6830	59.2	213	86	1	3	214	2	214	4.35e-84	253
WP_258210941.1	mmo:MMOB0730	36.8	768	392	13	4	728	1	718	1.06e-133	417
WP_258210942.1	aaxa:NCTC10138_00417	31.6	79	52	1	6	84	557	633	3.98e-06	48.9
WP_258210944.1	mcom:NCTC10178_00413	46.7	199	106	0	1	199	1	199	3.56e-57	185
WP_258210945.1	mcom:NCTC10178_00414	32.9	298	185	6	9	291	8	305	1.91e-32	127
WP_258210946.1	fus:HMPREF0409_00670	25.7	214	147	5	1	205	1	211	4.38e-09	61.2
WP_258210970.1	mmo:MMOB2550	51.4	216	102	2	2	214	1	216	5.83e-72	223
WP_258210971.1	mmar:MODMU_3069	29.3	181	112	5	69	236	230	407	4.25e-11	68.2
WP_258210976.1	mco:MCJ_001550	54.1	333	150	2	1	331	1	332	4.00e-115	341
WP_258210979.1	esx:ESOMN_v1c05430	29.8	255	154	8	7	258	8	240	6.08e-17	83.2
WP_258210981.1	mpu:MYPU_6750	47.0	1454	728	13	1	1431	1	1434	0.0	1259
WP_258210985.1	cdq:BOQ54_18705	28.6	287	150	12	120	360	26	303	2.52e-06	57.0
WP_258210988.1	aai:AARI_04680	29.9	107	75	0	193	299	121	227	1.90e-09	65.9
WP_258210991.1	sphh:SDAV_002170	29.0	145	102	1	18	162	221	364	5.68e-15	76.6
WP_258210992.1	shal:SHALO_0995	27.9	136	89	3	64	194	62	193	4.53e-07	53.9
WP_258210993.1	mmo:MMOB3200	64.4	323	113	1	5	325	3	325	6.45e-135	391
WP_258210994.1	pdt:Prede_1076	30.7	101	62	3	146	238	105	205	2.60e-06	56.2
WP_258210996.1	mcy:MCYN_0264	56.8	632	268	1	11	642	13	639	3.73e-255	722
WP_258210997.1	mcy:MCYN_0265	66.7	505	154	3	1	500	5	500	3.84e-226	637
WP_258210998.1	mcy:MCYN_0266	73.9	88	23	0	1	88	1	88	7.66e-40	132
WP_258210999.1	mpul:BLA55_03355	53.4	148	69	0	1	148	1	148	8.19e-52	166
WP_258211003.1	nok:FAY22_20905	25.7	136	99	1	117	250	52	187	1.77e-06	54.7
WP_258211008.1	echi:FKX85_15935	27.8	209	132	8	161	366	228	420	2.71e-08	62.0
WP_258211012.1	ipo:Ilyop_2170	34.8	69	42	1	6	74	537	602	5.46e-05	45.1
WP_258211014.1	mbh:MMB_0550	70.4	233	68	1	1	232	1	233	1.49e-111	324
WP_258211015.1	mcy:MCYN_0345	65.9	431	147	0	1	431	1	431	1.64e-195	553
WP_258211016.1	mgly:NCTC10194_00146	65.6	221	75	1	1	221	1	220	8.34e-96	283
WP_258211017.1	marg:MARG145_0384	69.1	207	64	0	1	207	1	207	1.24e-100	295
WP_258211030.1	mhr:MHR_0620	68.4	187	57	1	1	187	1	185	1.11e-86	258
WP_258211032.1	mck:AXW82_03050	67.9	477	151	1	1	475	1	477	8.51e-226	634
WP_258211038.1	rpe:RPE_1761	26.4	235	149	7	13	228	23	252	1.07e-09	68.2
WP_258211039.1	mal:MAGa6410	66.2	464	154	2	1	463	1	462	1.33e-227	637
WP_258211044.1	upa:UPA3_0021	28.6	252	164	9	22	262	25	271	2.38e-12	71.2
WP_258211045.1	ccm:Ccan_12170	26.7	176	119	3	78	247	2	173	9.89e-05	49.3
WP_258211046.1	mpu:MYPU_3630	60.2	226	89	1	1	225	1	226	1.10e-87	263
WP_258211048.1	grc:GI584_20220	27.9	290	191	5	3	279	2	286	5.81e-26	109
WP_258211049.1	pre:PCA10_37750	26.1	280	179	12	2	271	43	304	2.57e-10	65.9
WP_258211050.1	mds:MDIS_01470	61.9	291	111	0	1	291	1	291	4.57e-131	379
WP_258211052.1	mat:MARTH_orf187	50.7	357	176	0	1	357	1	357	4.31e-120	356
WP_258211054.1	mpu:MYPU_5940	50.0	610	267	11	1	589	1	593	8.05e-189	549
WP_258211055.1	mcy:MCYN_0235	80.0	90	18	0	3	92	4	93	2.37e-42	138
WP_258211056.1	mcy:MCYN_0234	69.9	156	47	0	2	157	3	158	1.01e-73	223
WP_258211057.1	mpu:MYPU_5970	67.4	218	71	0	1	218	14	231	5.59e-103	302
WP_258211058.1	mcy:MCYN_0232	70.2	292	86	1	1	291	1	292	5.54e-148	421
WP_258211059.1	msy:MS53_0680	29.1	278	183	7	7	276	9	280	9.90e-32	127
WP_258211061.1	mpul:BLA55_02260	69.3	501	150	2	3	500	2	501	7.77e-255	709
WP_258211062.1	mpul:BLA55_00740	67.1	395	126	2	1	395	1	391	1.31e-188	534
WP_258211067.1	spoa:EQM13_12975	26.9	208	143	6	7	210	9	211	4.73e-23	99.4
WP_258211070.1	kpf:IX53_00200	34.0	344	208	8	13	353	7	334	1.52e-49	174
WP_258211073.1	kpf:IX53_00200	33.6	333	200	9	26	354	19	334	9.83e-47	167
WP_258211076.1	arh:AHiyo8_44430	24.9	273	183	5	29	287	29	293	7.61e-14	77.8
WP_258211077.1	hol:HORIV_58920	50.0	102	51	0	35	136	430	531	6.89e-22	105
WP_258211080.1	mpu:MYPU_6440	49.6	651	309	10	7	650	31	669	3.81e-207	602
WP_258211081.1	mpu:MYPU_6330	54.2	542	242	4	3	542	5	542	5.09e-217	617
WP_258211082.1	csh:Closa_0870	35.6	749	445	13	7	739	13	740	2.58e-128	412
WP_258211083.1	mcy:MCYN_0088	59.5	220	87	1	1	218	3	222	1.46e-85	258
WP_258211085.1	mso:VY93_01120	47.5	387	184	7	1	380	1	375	7.35e-110	332
WP_258211086.1	ssif:AL483_08715	50.4	240	110	3	1	232	1	239	6.29e-71	222
WP_258211089.1	mcy:MCYN_0105	64.0	317	113	1	6	321	5	321	1.68e-140	405
WP_258211090.1	mans:FRW55_02665	54.4	474	213	3	2	473	4	476	3.48e-176	508
WP_258211091.1	mfr:MFE_01190	58.9	435	176	3	6	438	7	440	1.05e-178	511
WP_258211092.1	mmo:MMOB3780	40.9	88	52	0	8	95	14	101	7.04e-15	69.3
WP_258211094.1	mhr:MHR_0055	67.7	1184	361	9	6	1172	3	1182	0.0	1572
WP_258211095.1	mhr:MHR_0056	67.2	1404	455	3	2	1400	10	1412	0.0	1848
WP_258211099.1	mcou:NCTC10179_00530	62.0	292	111	0	10	301	3	294	2.29e-132	383
WP_258211101.1	mhh:MYM_0281	60.6	320	123	3	1	319	1	318	3.32e-117	345
WP_258211102.1	mani:DP067_03695	62.6	398	144	3	1	397	1	394	4.39e-171	488
WP_258211103.1	mgb:VO56_02005	58.1	136	57	0	4	139	5	140	2.06e-51	165
WP_258211106.1	apr:Apre_0330	34.5	113	64	2	40	147	38	145	1.22e-14	75.5
WP_258211107.1	mgb:VO56_00505	65.9	126	41	2	5	129	6	130	1.51e-52	167
WP_258211108.1	leo:AMK43_00030	31.1	193	111	5	8	196	223	397	8.96e-17	85.9
WP_258211112.1	mpu:MYPU_7210	37.4	171	105	2	6	176	3	171	3.04e-25	101
WP_258211113.1	mhr:MHR_0485	44.0	282	151	4	4	281	3	281	2.31e-69	222
WP_258211114.1	mhr:MHR_0486	45.3	987	501	12	1	963	1	972	2.75e-273	793
WP_258211116.1	upr:UP3_c0081	31.2	353	194	14	179	494	774	1114	4.05e-30	131
WP_258211118.1	mgly:NCTC10194_00222	54.3	372	170	0	5	376	7	378	4.99e-140	409
WP_258211124.1	mhh:MYM_0422	51.3	226	103	4	3	227	8	227	3.80e-67	213
WP_258211126.1	mhh:MYM_0247	59.3	514	199	4	3	511	2	510	1.61e-216	613
WP_258211127.1	fnu:FN0907	30.7	205	131	4	13	214	12	208	5.13e-22	96.3
WP_258211142.1	mcas:AAW50_02180	71.6	155	44	0	1	155	1	155	5.75e-73	221
WP_258211148.1	mpul:BLA55_02240	64.1	245	85	2	1	243	1	244	1.16e-104	308
WP_258211152.1	mane:DP065_00365	59.4	212	84	1	1	210	1	212	3.80e-86	258
WP_258211153.1	mhr:MHR_0004	69.6	605	180	2	1	601	1	605	1.46e-298	829
WP_258211155.1	dat:HRM2_10850	30.8	211	136	5	20	223	309	516	1.37e-13	75.1
WP_258211156.1	mhp:MHP7448_0591	39.7	116	70	0	1	116	1	116	2.65e-16	74.3
WP_258211157.1	mhyv:MHSN_00700	63.6	327	119	0	2	328	5	331	1.85e-146	421
WP_258211158.1	mso:VY93_00940	65.0	577	201	1	1	577	1	576	2.85e-276	770
WP_258211163.1	hol:HORIV_58920	41.3	104	60	1	19	121	430	533	5.06e-17	89.7
WP_258211166.1	mbv:MBOVPG45_0551	63.2	454	166	1	1	453	1	454	5.17e-209	589
WP_258211167.1	mhr:MHR_0365	64.5	614	211	3	6	614	4	615	1.14e-279	781
WP_258211172.1	mmo:MMOB5570	55.3	188	84	0	8	195	11	198	4.46e-68	211
WP_258211178.1	mpu:MYPU_5990	74.0	231	60	0	1	231	10	240	5.45e-121	348
WP_258211180.1	mpu:MYPU_5580	66.7	369	122	1	4	371	1	369	1.01e-185	523
WP_258211182.1	mcy:MCYN_0511	75.3	352	85	1	1	350	12	363	3.84e-193	541
WP_258211183.1	mfm:MfeM64YM_0645	62.8	290	106	1	3	290	9	298	6.23e-126	366
WP_258211187.1	pth:PTH_0951	23.7	224	157	3	31	254	25	234	2.88e-13	77.0
