WP_131598189.1	mphc:DMC14_001230	63.0	571	208	2	1	569	1	570	8.73e-261	730
WP_131598190.1	mcy:MCYN_0684	59.4	502	201	3	3	503	2	501	1.58e-207	589
WP_131598191.1	mgb:VO56_02410	53.9	245	112	1	1	245	1	244	1.29e-87	265
WP_131598197.1	mpul:BLA55_00740	69.4	395	120	1	1	395	1	394	1.14e-191	540
WP_131598198.1	mhm:SRH_01845	63.1	1407	502	8	6	1399	10	1412	0.0	1756
WP_131598203.1	mhh:MYM_0296	48.5	202	97	3	4	201	9	207	1.17e-51	170
WP_131598209.1	mcy:MCYN_0033	38.4	203	105	5	172	364	225	417	2.61e-26	116
WP_131598210.1	mcd:MCRO_0659	50.9	218	106	1	1	217	1	218	8.76e-68	213
WP_131598212.1	mmo:MMOB5380	67.1	207	68	0	1	207	1	207	8.04e-92	272
WP_131598213.1	mpul:BLA55_02815	63.5	293	107	0	1	293	1	293	3.05e-134	387
WP_131598219.1	synp:Syn7502_02178	23.3	245	160	9	25	253	40	272	2.59e-10	65.5
WP_131598220.1	asb:RATSFB_0960	61.8	432	159	3	1	428	1	430	5.08e-187	531
WP_131598221.1	mbj:KQ51_00398	56.1	424	185	1	3	426	2	424	1.03e-167	482
WP_131598222.1	laci:CW733_00065	31.3	368	195	12	31	347	45	405	5.89e-33	132
WP_131598224.1	kal:KALB_1452	22.7	194	138	5	330	515	325	514	3.74e-07	59.3
WP_131598226.1	mans:FRW55_02065	55.5	813	360	2	1	811	1	813	0.0	927
WP_131598231.1	mcac:MCCP01_0997	37.5	224	136	1	6	229	2	221	3.78e-48	164
WP_131598232.1	mcy:MCYN_0517	55.4	314	136	2	4	317	8	317	2.63e-106	318
WP_131598243.1	mcr:MCFN_02520	64.7	419	142	2	1	415	1	417	3.22e-190	538
WP_131598249.1	mpx:MPD5_0701	43.3	134	72	2	2	131	3	136	1.52e-32	117
WP_131598252.1	hol:HORIV_58920	43.1	102	57	1	28	128	424	525	1.95e-16	89.0
WP_131598256.1	dat:HRM2_10850	34.6	211	129	4	14	215	306	516	4.62e-20	93.6
WP_131598257.1	mmo:MMOB4120	50.3	328	158	3	1	325	1	326	1.86e-108	324
WP_131598265.1	mbov:MBVG596_0894	70.1	345	98	1	1	340	4	348	1.47e-178	503
WP_131598273.1	mat:MARTH_orf178	56.6	129	56	0	1	129	1	129	3.69e-47	154
WP_131598275.1	mhr:MHR_0543	40.3	729	416	12	1	717	1	722	1.84e-161	488
WP_131598283.1	myg:ASO20_00555	36.0	239	152	1	3	240	4	242	1.64e-46	160
WP_131598285.1	sprn:S100390_v1c08360	50.1	389	188	4	5	389	2	388	1.00e-129	383
WP_131598289.1	aai:AARI_04680	27.3	128	92	1	611	738	118	244	1.11e-10	72.0
WP_131598291.1	iva:Isova_2221	32.5	114	73	2	201	313	154	264	4.78e-08	61.6
WP_131598295.1	syf:Synpcc7942_2454	33.2	223	138	2	127	338	198	420	5.91e-23	105
WP_131598300.1	mmo:MMOB1980	58.7	167	68	1	2	168	6	171	1.69e-61	192
WP_131598324.1	mhom:MLBD4_00305	46.2	403	202	7	263	656	5	401	4.00e-105	330
WP_131598328.1	mgly:NCTC10194_00422	65.8	612	205	3	1	608	1	612	3.27e-282	788
WP_131598340.1	mbv:MBOVPG45_0725	67.4	227	70	2	1	223	1	227	2.44e-104	305
WP_131598344.1	aai:AARI_04680	25.5	200	141	2	24	216	17	215	4.29e-15	80.1
WP_131598356.1	mani:DP067_02485	46.6	326	173	1	1	325	1	326	1.03e-94	289
WP_131598360.1	mhy:mhp504	55.6	624	255	7	1	611	1	615	1.72e-231	659
WP_131598362.1	mcy:MCYN_0509	49.8	311	133	3	1	295	1	304	1.60e-97	294
WP_131598364.1	mcy:MCYN_0510	72.3	328	91	0	1	328	5	332	7.15e-168	475
WP_131598366.1	mpu:MYPU_7640	62.7	365	134	2	2	365	3	366	8.35e-169	480
WP_131598368.1	hpk:Hprae_0884	30.1	286	184	6	1	284	1	272	1.06e-29	124
WP_131598372.1	mmo:MMOB4680	34.8	279	173	5	1	272	1	277	1.83e-38	141
WP_131598374.1	sbr:SY1_23010	33.7	196	125	4	3	194	6	200	4.01e-21	98.6
WP_131598379.1	gak:X907_0578	26.4	246	150	9	143	366	84	320	5.71e-09	65.5
WP_131598387.1	mpho:DA803_00605	44.0	302	162	4	6	304	3	300	4.29e-81	253
WP_131598389.1	nch:A0U93_07010	26.5	268	158	11	7	248	21	275	1.08e-09	67.8
WP_131598397.1	hol:HORIV_58920	46.1	141	75	1	2	142	429	568	2.80e-35	141
WP_131598398.1	arh:AHiyo8_44430	24.1	228	165	2	233	453	67	293	3.87e-14	81.3
WP_131598406.1	mhr:MHR_0188	43.4	657	345	10	11	650	19	665	1.65e-183	541
WP_131598410.1	mbv:MBOVPG45_0526	30.7	323	204	7	6	320	10	320	9.02e-45	160
WP_131598412.1	mpul:BLA55_02210	32.8	314	194	6	6	314	10	311	1.81e-43	157
WP_131598414.1	uur:UU055	29.3	348	191	12	56	350	784	1129	3.78e-29	124
WP_131598416.1	lul:LPB138_02455	26.4	178	95	6	3	164	227	384	7.48e-04	47.8
WP_131598420.1	mclo:DK849_02045	55.0	189	83	2	1	187	1	189	6.59e-64	200
WP_131598424.1	mhom:MLBD4_02515	48.2	440	221	4	14	448	17	454	1.03e-130	390
WP_131598459.1	kal:KALB_1452	30.3	251	147	3	17	267	336	558	1.75e-29	123
WP_131598461.1	kal:KALB_1452	36.1	238	146	4	2	238	326	558	1.20e-40	152
WP_131598463.1	mfr:MFE_04030	65.1	175	61	0	1	175	6	180	2.17e-75	229
WP_131598465.1	haxi:HAALTHF_04080n	43.1	137	76	1	8	142	495	631	2.50e-19	89.4
WP_131598473.1	mhr:MHR_0537	55.5	896	351	16	3	865	4	884	0.0	935
WP_131598479.1	fpei:C4N17_01425	35.4	461	277	11	5	456	3	451	2.17e-84	271
WP_131598481.1	lot:AXF11_05670	35.1	194	120	2	1	188	6	199	1.24e-31	119
WP_131598485.1	mani:DP067_00450	66.1	369	122	3	3	369	5	372	6.17e-177	501
WP_131598495.1	aai:AARI_04680	28.5	123	87	1	249	371	118	239	2.88e-09	65.5
WP_131598497.1	pth:PTH_0951	28.1	253	149	8	1	247	1	226	5.89e-19	94.4
WP_131598505.1	mmo:MMOB5390	61.3	630	233	3	1	619	1	630	4.95e-295	821
WP_131598511.1	mani:DP067_01310	52.3	566	259	6	2	564	4	561	1.18e-200	577
WP_131598513.1	mcom:NCTC10178_00340	49.6	409	194	7	1	401	1	405	2.01e-115	349
WP_131598525.1	fno:Fnod_0277	32.5	237	118	9	4	203	4	235	2.94e-20	98.6
WP_131598527.1	cad:Curi_c25190	27.8	407	227	15	8	371	2	384	9.20e-32	132
WP_131598533.1	pth:PTH_0951	28.8	267	145	10	2	260	5	234	8.60e-20	94.7
WP_131598541.1	nmv:NITMOv2_0338	32.9	170	97	5	12	164	15	184	7.78e-10	68.6
WP_131598552.1	vcs:MS6_2479	31.8	107	66	4	216	316	30	135	7.71e-04	45.8
WP_131598554.1	vir:X953_10350	52.6	272	128	1	5	275	6	277	1.15e-92	280
WP_131598556.1	mck:AXW82_03125	50.3	447	218	4	7	451	9	453	2.22e-141	417
WP_131598558.1	rum:CK1_05510	30.9	149	103	0	84	232	1	149	1.22e-18	90.1
WP_131598564.1	mhr:MHR_0416	38.7	248	152	0	3	250	2	249	1.35e-52	176
WP_131598566.1	mmo:MMOB4790	53.5	99	44	2	1	99	6	102	1.91e-27	101
WP_131598576.1	dsf:UWK_00711	28.3	212	122	9	75	286	1	182	7.92e-09	62.4
WP_131598580.1	mpu:MYPU_6670	58.2	885	366	3	2	882	4	888	0.0	1075
WP_131598584.1	mpu:MYPU_6660	53.6	532	244	1	1	529	7	538	4.26e-197	565
WP_131598607.1	mfr:MFE_01660	64.5	476	166	2	1	473	1	476	8.40e-211	595
WP_131598610.1	mlac:CP520_00420	54.1	327	146	1	1	327	1	323	4.63e-111	330
WP_131598612.1	mmo:MMOB3190	59.4	394	159	1	3	396	2	394	4.66e-165	473
WP_131598625.1	psuu:Psuf_007680	62.8	156	58	0	8	163	391	546	7.90e-56	209
WP_131598631.1	mhh:MYM_0247	54.6	509	228	3	5	511	3	510	1.06e-197	565
WP_131598633.1	fnu:FN0907	28.6	203	136	3	12	212	12	207	4.39e-17	83.2
WP_131598635.1	lwd:JCM16777_0426	26.3	334	237	4	3	330	6	336	3.09e-28	117
WP_131598639.1	mbov:MBVG596_0542	58.8	291	118	1	1	289	14	304	3.15e-115	339
WP_131598645.1	sphz:E3D81_00260	37.7	106	59	4	1	105	2	101	1.75e-13	66.2
WP_131598647.1	ntr:B0W44_04475	34.0	141	86	3	3	140	215	351	1.24e-13	72.8
WP_131598658.1	mmo:MMOB1840	54.0	300	136	2	10	307	7	306	1.84e-109	325
WP_131598674.1	coo:CCU_27490	33.3	114	72	2	574	684	2	114	6.11e-09	60.8
WP_131598681.1	ncl:C5F47_08225	28.7	136	82	4	106	238	74	197	1.27e-04	50.8
WP_131598683.1	mmo:MMOB4560	43.5	425	229	4	56	470	56	479	1.37e-114	352
WP_131598685.1	ebm:SG0102_13240	37.0	81	51	0	1	81	1	81	7.46e-13	67.8
WP_131598687.1	dat:HRM2_08670	34.1	574	349	12	1	561	750	1307	5.46e-88	302
WP_131598694.1	mgi:Mflv_3670	31.0	100	68	1	2	101	3	101	1.01e-11	62.0
WP_131598696.1	mbov:MBVG596_0819	66.2	479	158	2	1	478	7	482	2.91e-230	645
WP_131598706.1	mbov:MBVG596_0125	64.7	450	155	3	2	448	8	456	1.02e-204	578
WP_131598708.1	mhe:MHC_00245	54.5	356	162	0	4	359	5	360	9.64e-132	386
WP_131598716.1	fnf:BSQ88_04155	55.8	285	120	2	16	294	23	307	5.78e-100	301
WP_131598717.1	mcd:MCRO_0654	48.9	233	111	5	1	226	1	232	6.22e-66	209
WP_131598718.1	eth:CK496_06140	47.4	462	233	6	9	467	5	459	4.00e-139	414
WP_131598721.1	mchc:CK556_03620	29.1	636	381	16	2	612	4	594	7.60e-51	196
WP_131598732.1	hol:HORIV_58920	46.8	109	55	1	45	150	421	529	2.24e-21	104
WP_131598734.1	arh:AHiyo8_44430	20.7	266	197	7	39	299	29	285	3.74e-04	48.5
WP_131598742.1	sbac:BVH56_03715	30.8	321	178	13	3	284	7	322	1.25e-17	87.0
WP_131598744.1	mgb:VO56_03085	61.4	321	122	2	1	319	1	321	2.47e-135	392
WP_131598748.1	rhj:HZY79_12550	32.6	190	117	5	18	196	350	539	1.00e-15	82.8
WP_131598758.1	pcu:PC_RS07560	36.3	248	140	5	3	238	13	254	1.42e-41	147
WP_131598760.1	phar:NCTC13077_00590	56.5	200	85	1	1	198	1	200	2.35e-75	230
WP_131598764.1	lyg:C1N55_05925	45.1	304	158	4	5	306	6	302	5.93e-79	248
WP_131598766.1	myg:ASO20_01440	60.4	1055	412	5	5	1056	3	1054	0.0	1243
WP_131598770.1	myg:ASO20_01445	55.1	89	40	0	2	90	4	92	6.36e-25	101
WP_131598771.1	sgq:SGLAD_v1c05880	38.8	415	237	11	5	404	7	419	1.22e-80	259
WP_131598775.1	chd:Calhy_2013	47.5	438	224	3	2	433	5	442	3.71e-137	405
WP_131598777.1	tur:AT726_05020	45.6	285	147	5	1	278	4	287	9.38e-80	248
WP_131598781.1	acy:Anacy_0853	23.8	252	130	10	249	487	65	267	1.56e-07	58.9
WP_131598795.1	fnc:HMPREF0946_01282	43.5	147	80	2	5	149	63	208	2.40e-26	112
WP_131598797.1	gtn:GTNG_2132	33.4	350	219	6	21	364	21	362	2.26e-57	196
WP_131598803.1	mmq:MmarC5_1627	37.9	116	63	3	5	113	2	115	5.49e-10	64.3
WP_131598805.1	mbov:MBVG596_0051	39.3	394	219	11	1	383	1	385	5.80e-79	253
WP_131598820.1	syf:Synpcc7942_2454	30.2	232	140	2	110	326	198	422	7.06e-19	93.2
WP_131598824.1	aai:AARI_04680	30.6	108	75	0	622	729	131	238	4.83e-11	72.8
WP_131598830.1	pof:GS400_19460	29.1	261	160	8	3	260	6	244	7.30e-20	91.3
WP_131598839.1	phr:C6569_00880	28.8	219	151	2	4	221	2	216	3.68e-18	94.4
WP_131598845.1	mcr:MCFN_02590	70.1	234	67	2	2	232	4	237	2.96e-105	308
WP_131598848.1	mcd:MCRO_0243	60.9	430	167	1	1	429	1	430	2.83e-179	512
WP_131598850.1	mcou:NCTC10179_00686	68.0	219	70	0	1	219	1	219	2.28e-100	295
WP_131598852.1	mani:DP067_03310	60.4	154	61	0	1	154	1	154	2.53e-60	189
WP_131598858.1	mhyv:MHSN_00510	45.0	280	152	2	3	280	7	286	2.59e-70	224
WP_131598860.1	slac:SKTS_14590	33.3	165	102	3	2	158	412	576	6.47e-22	97.8
WP_131598862.1	fpa:FPR_29210	25.7	202	136	3	335	523	5	205	2.66e-09	66.2
WP_131598864.1	aai:AARI_04680	26.5	155	102	4	365	510	14	165	4.71e-05	52.8
WP_131598866.1	fbu:UJ101_00843	60.2	510	200	3	2	509	4	512	1.13e-216	613
WP_131598870.1	mclo:DK849_00105	65.3	467	152	3	1	463	1	461	1.76e-218	614
WP_131598872.1	mpu:MYPU_6810	30.4	115	75	2	4	116	2	113	1.25e-06	49.7
WP_131598890.1	echg:FY206_05140	32.4	290	161	7	3	284	588	850	9.96e-34	135
WP_131598896.1	mfol:DXT68_01060	27.0	74	54	0	12	85	101	174	7.42e-07	50.1
WP_131598900.1	smf:Smon_1392	41.8	325	176	8	7	325	6	323	3.67e-68	222
WP_131598910.1	bsto:C0V70_08675	38.3	81	46	1	618	694	610	690	6.14e-09	65.9
WP_131598919.1	rst:ATY39_09565	30.1	136	86	4	7	133	4	139	2.97e-05	50.4
WP_131598928.1	mpu:MYPU_0130	57.9	442	180	2	1	436	1	442	1.42e-171	493
WP_131598934.1	tjr:TherJR_1371	39.4	160	94	2	8	167	430	586	7.96e-27	111
WP_131598946.1	mlac:CP520_01360	44.0	318	150	6	3	292	4	321	2.96e-79	248
WP_131598949.1	cpf:CPF_2212	26.9	145	88	4	12	140	17	159	4.48e-04	47.0
WP_131598953.1	rum:CK1_05510	29.2	130	90	1	97	226	13	140	8.52e-11	67.0
WP_131598961.1	miw:EER00_00720	46.6	436	229	3	31	465	16	448	1.71e-124	375
WP_131598965.1	mmo:MMOB0920	55.4	417	184	2	1	416	1	416	6.88e-161	464
WP_131598967.1	fpra:CG447_11805	32.3	198	124	6	72	260	18	214	2.43e-15	83.6
WP_131598973.1	kal:KALB_1452	30.3	198	126	5	108	299	349	540	1.56e-16	86.3
WP_131598995.1	mcd:MCRO_0654	50.2	213	99	4	1	206	1	213	1.10e-62	201
WP_131599001.1	hbo:Hbor_33150	34.0	94	59	1	18	108	268	361	3.91e-07	54.3
WP_131599019.1	sje:AAV35_004915	43.3	194	104	4	1	188	1	194	3.45e-39	137
WP_131599024.1	smoo:SMONO_v1c00980	72.5	706	191	2	12	715	17	721	0.0	1040
WP_131599026.1	pml:ATP_00187	28.3	138	95	3	19	155	2	136	6.26e-10	62.4
WP_131599028.1	msyr:CXP39_00985	79.9	339	68	0	1	339	1	339	2.11e-201	560
WP_131599060.1	cis:CINS_1155	32.4	139	90	2	52	186	4	142	4.03e-15	78.6
WP_131599066.1	mans:FRW55_03255	55.5	407	176	4	1	404	1	405	3.68e-149	434
WP_131599072.1	mgb:VO56_00025	56.2	370	160	1	1	370	1	368	1.32e-140	410
WP_131599074.1	mmo:MMOB4870	43.4	979	534	11	1	966	1	972	5.46e-266	775
WP_131599075.1	ssab:SSABA_v1c06860	45.5	301	158	4	3	301	5	301	4.29e-78	261
WP_131599077.1	mans:FRW55_01865	36.8	182	103	4	1	171	1	181	1.12e-29	112
WP_131599082.1	mhom:MLBD4_02985	64.4	329	114	2	1	326	1	329	2.13e-151	433
WP_131599084.1	net:Neut_2155	26.9	182	114	7	5	181	210	377	9.06e-07	53.9
WP_131599086.1	rah:Rahaq_3678	45.4	174	91	3	1	171	1	173	1.71e-51	168
WP_131599088.1	chih:GWR21_08520	42.9	77	41	2	16	91	378	452	2.30e-09	62.0
WP_131599102.1	emx:FKV68_09090	33.1	257	162	4	3	257	13	261	6.95e-41	149
WP_131599112.1	clr:UPTC16701_0292	25.3	217	152	2	3	209	2	218	2.31e-21	93.2
WP_131599114.1	bko:CKF48_21375	50.6	259	126	2	3	261	2	258	3.63e-80	247
WP_131599116.1	cale:FDN13_05335	43.3	201	104	4	4	194	14	214	9.38e-49	166
WP_131599118.1	ppac:PAP_03990	38.9	190	114	2	5	192	9	198	6.54e-38	135
WP_131599137.1	mamp:MAMA39_01490	40.9	565	310	13	6	553	8	565	2.12e-123	379
WP_131599138.1	mck:AXW82_02395	61.5	548	206	4	1	546	1	545	1.37e-254	712
WP_131599140.1	csh:Closa_0870	34.9	780	449	12	14	771	19	761	6.76e-133	424
WP_131599142.1	mcy:MCYN_0088	50.7	219	108	0	1	219	3	221	1.05e-72	225
WP_131599144.1	apv:Apar_0129	26.3	137	99	1	10	144	41	177	2.13e-04	48.1
WP_131599152.1	mbc:MYB_02075	34.9	238	150	4	6	242	8	241	2.43e-46	160
WP_131599155.1	tto:Thethe_00726	36.9	65	39	1	2	64	4	68	9.05e-05	43.9
WP_131599157.1	saf:SULAZ_0534	32.5	163	97	3	6	168	218	367	2.41e-15	81.6
WP_131599159.1	mcou:NCTC10179_00656	58.0	131	53	2	1	130	1	130	1.21e-42	142
WP_131599161.1	hcr:X271_00338	49.2	120	61	0	1	120	1	120	3.75e-33	118
WP_131599163.1	apr:Apre_0330	34.5	145	92	2	4	147	3	145	1.51e-13	72.4
WP_131599171.1	mmo:MMOB2610	48.0	333	171	1	1	331	1	333	1.99e-110	329
WP_131599181.1	bco:Bcell_3360	28.0	200	133	5	4	202	157	346	2.59e-10	65.9
WP_131599183.1	mcou:NCTC10179_00382	54.3	199	89	2	6	203	7	204	1.28e-64	204
WP_131599247.1	aai:AARI_04680	29.8	114	80	0	25	138	131	244	1.28e-12	71.2
WP_131599251.1	pth:PTH_0951	33.3	78	47	1	25	102	24	96	2.36e-04	46.6
WP_131599253.1	aai:AARI_04680	27.8	108	78	0	261	368	131	238	4.60e-05	52.4
WP_131599257.1	syf:Synpcc7942_2454	28.3	251	163	4	58	296	175	420	1.75e-16	85.5
WP_131599275.1	ocy:OSSY52_00900	24.2	149	102	3	15	159	8	149	5.64e-07	52.8
WP_131599284.1	arac:E0W69_019100	30.4	184	104	8	145	320	211	378	2.42e-05	52.8
WP_131599288.1	mpu:MYPU_6230	56.1	237	103	1	3	238	17	253	3.12e-82	251
WP_131599305.1	ful:C4N20_10170	37.4	91	53	2	258	344	272	362	2.51e-07	58.5
WP_131599323.1	cac:CA_C0110	28.1	288	170	8	1	254	1	285	2.35e-17	91.7
WP_131599325.1	mgb:VO56_00940	51.6	275	127	2	1	271	1	273	1.97e-92	280
WP_131599331.1	mfw:mflW37_3240	50.1	369	176	4	3	365	2	368	1.12e-116	348
WP_131599333.1	camz:CVIC12175_0328	44.6	404	132	10	3	354	2	365	2.32e-95	293
WP_131599362.1	seri:SERIO_v1c04890	45.9	686	352	7	3	682	2	674	1.81e-187	552
WP_131599363.1	cia:BEN51_11890	38.6	295	176	4	1	292	1	293	1.45e-54	184
WP_131599369.1	lmo:lmo0009	24.7	150	110	2	1	147	1	150	1.04e-08	57.0
WP_131599370.1	nev:NTE_00759	36.3	91	51	2	64	147	83	173	2.24e-08	57.8
WP_131599372.1	fgo:C4N16_00305	28.3	198	124	5	1	194	1	184	5.05e-11	66.2
WP_131599373.1	mmo:MMOB5260	29.2	295	202	2	26	320	28	315	5.64e-35	134
WP_131599377.1	mpe:MYPE6430	41.7	216	121	2	9	224	4	214	7.40e-44	153
WP_131599378.1	mmo:MMOB0340	68.4	288	91	0	1	288	1	288	5.55e-146	416
WP_131599382.1	mett:CIT01_09975	28.8	156	101	5	157	307	55	205	9.11e-04	47.8
WP_131599387.1	mcou:NCTC10179_00457	59.8	490	191	4	1	487	1	487	4.63e-207	587
WP_131599388.1	saca:FFV09_06560	32.0	266	151	7	4	268	7	243	1.01e-27	113
WP_131599389.1	pfi:PFC_04760	44.3	88	49	0	15	102	12	99	8.99e-17	76.3
WP_131599393.1	mboh:CO229_01000	61.4	422	161	2	4	423	6	427	2.58e-184	525
WP_131599395.1	esx:ESOMN_v1c00260	36.8	535	317	9	8	523	11	543	1.29e-101	327
WP_131599400.1	mcol:MCOLE_v1c01870	72.0	318	89	0	1	318	1	318	5.41e-167	472
WP_131599402.1	mans:FRW55_00310	70.4	287	83	1	4	290	3	287	1.29e-142	407
WP_131599403.1	mhn:MHP168_014	35.1	74	48	0	3	76	2	75	3.04e-05	46.6
WP_131599404.1	mhh:MYM_0094	46.1	529	279	4	5	529	7	533	3.35e-161	474
WP_131599407.1	pth:PTH_0951	35.6	202	122	6	118	315	24	221	8.37e-23	105
WP_131599417.1	euc:EC1_10760	63.0	146	50	2	3	144	5	150	2.07e-60	189
WP_131599420.1	mcas:AAW50_03695	36.4	269	152	9	5	260	22	284	1.47e-33	128
WP_131599421.1	mchc:CK556_00600	55.7	140	62	0	2	141	3	142	7.77e-48	156
WP_131599425.1	dex:HWD60_13890	29.2	264	164	8	1	252	1	253	5.78e-24	106
WP_131599429.1	kpf:IX53_00200	32.5	342	209	9	13	350	6	329	2.61e-47	169
WP_131599430.1	bmd:BMD_1929	27.2	257	164	5	2	257	9	243	1.90e-23	100
WP_131599434.1	metg:HT051_00430	44.2	77	36	4	27	96	37	113	8.28e-08	55.1
WP_131599437.1	mdv:C5Q96_00430	40.6	170	100	1	29	197	39	208	1.84e-33	131
WP_131599440.1	mpu:MYPU_1770	38.8	139	85	0	3	141	41	179	1.29e-31	124
WP_131599442.1	mmo:MMOB0620	62.8	500	186	0	1	500	1	500	6.74e-223	628
WP_131599443.1	mmo:MMOB0630	60.7	522	201	3	2	521	7	526	1.96e-228	644
WP_131599445.1	mmo:MMOB0170	48.8	168	82	2	1	166	1	166	1.04e-46	155
WP_131599446.1	mmo:MMOB0160	60.2	854	315	8	1	841	1	842	0.0	988
WP_131599451.1	mmo:MMOB2770	34.4	215	137	4	3	213	4	218	8.56e-36	130
WP_131599452.1	mpul:BLA55_02530	49.6	357	180	0	1	357	1	357	6.06e-119	353
WP_131599454.1	bsan:CHH28_17475	22.7	154	112	3	13	162	10	160	1.91e-04	46.6
WP_131599456.1	bpsa:BBU_1201	24.8	222	138	6	332	528	25	242	6.43e-06	55.5
WP_131599460.1	mmo:MMOB3600	36.6	309	190	2	1	305	1	307	5.88e-49	170
WP_131599463.1	mhyv:MHSN_01505	59.9	319	127	1	12	329	6	324	1.24e-125	368
WP_131599466.1	hpk:Hprae_1184	28.3	286	170	8	10	289	11	267	9.64e-18	86.7
WP_131599469.1	epo:Epro_0400	28.8	226	148	4	7	221	2	225	3.92e-21	94.0
WP_131599470.1	scj:SCANT_v1c01140	53.7	661	289	8	5	651	5	662	2.59e-221	637
WP_131599471.1	mcou:NCTC10179_00604	44.8	96	50	2	1	93	4	99	1.60e-15	70.9
WP_131599472.1	mgb:VO56_02320	53.3	433	200	1	3	433	7	439	1.51e-152	444
WP_131599473.1	mcou:NCTC10179_00602	62.8	471	172	3	1	469	1	470	1.21e-199	567
WP_131599477.1	mgly:NCTC10194_00034	69.7	238	72	0	1	238	1	238	1.58e-118	342
WP_131599479.1	mclo:DK849_00385	28.9	311	195	6	11	298	16	323	6.97e-28	115
WP_131599480.1	mmo:MMOB0570	46.2	1438	755	12	2	1428	4	1433	0.0	1216
WP_131599483.1	mamo:A6B35_32655	27.9	269	177	7	88	342	117	382	1.72e-19	94.4
WP_131599485.1	pth:PTH_0951	35.1	111	72	0	297	407	120	230	3.27e-10	68.6
WP_131599489.1	mhs:MOS_405	62.4	607	225	2	5	609	8	613	5.67e-271	759
WP_131599490.1	kst:KSMBR1_2007	38.6	70	40	1	63	129	69	138	5.17e-06	50.1
WP_131599493.1	mgly:NCTC10194_00222	43.9	378	211	1	3	379	7	384	9.35e-103	313
WP_131599495.1	mcom:NCTC10178_00281	66.9	444	146	1	3	445	10	453	6.56e-228	637
WP_131599496.1	apv:Apar_0129	37.3	75	38	1	13	87	47	112	8.71e-05	49.3
WP_131599497.1	aaxa:NCTC10138_01451	43.3	171	93	3	2	170	489	657	6.53e-37	139
WP_131599500.1	eat:EAT1b_0958	49.7	145	71	1	18	160	19	163	2.00e-42	144
WP_131599501.1	mgb:VO56_01560	72.2	461	119	3	1	461	1	452	2.04e-229	641
WP_131599503.1	mans:FRW55_01555	48.6	366	187	1	1	366	1	365	7.86e-113	338
WP_131599504.1	stab:STABA_v1c02460	58.3	242	97	1	1	238	1	242	5.68e-89	268
WP_131599507.1	str:Sterm_1616	42.7	103	58	1	8	109	1	103	2.31e-17	76.3
WP_131599510.1	lra:LRHK_640	28.2	216	143	6	380	588	208	418	2.45e-14	82.4
WP_131599512.1	mbc:MYB_00865	63.1	371	136	1	1	370	4	374	7.99e-164	468
WP_131599514.1	marg:MARG145_0712	66.7	327	109	0	2	328	11	337	4.31e-150	430
WP_131599515.1	maa:MAG3320	35.2	122	68	3	1	114	1	119	7.67e-13	65.5
WP_131599518.1	eat:EAT1b_2867	35.8	179	84	8	3	177	2	153	9.71e-15	77.0
WP_131599519.1	mpul:BLA55_02640	59.6	178	72	0	1	178	1	178	2.32e-67	208
WP_131599520.1	mpu:MYPU_6870	52.1	188	89	1	3	189	6	193	1.35e-59	189
WP_131599522.1	aba:Acid345_2395	26.4	314	204	3	1	288	1	313	1.69e-30	127
WP_131599523.1	mmo:MMOB5610	52.6	213	100	1	1	213	1	212	5.62e-73	225
WP_131599532.1	lagg:B0E33_10030	25.8	198	137	4	19	208	22	217	5.62e-08	60.1
WP_131599535.1	sgq:SGLAD_v1c07680	46.3	467	251	0	2	468	3	469	2.33e-132	396
WP_131599538.1	mphc:DMC14_001055	35.5	366	235	1	1	366	1	365	4.33e-75	241
WP_131599540.1	miw:EER00_03085	60.9	322	126	0	1	322	1	322	6.26e-134	389
WP_131599550.1	mpul:BLA55_00280	50.4	407	176	13	2	393	7	402	3.49e-109	332
WP_131599555.1	vig:BKP57_15180	33.3	78	42	2	16	87	288	361	1.07e-06	52.0
WP_131599556.1	sphh:SDAV_002170	30.2	162	111	2	1	160	203	364	2.96e-16	80.1
WP_131599558.1	grc:GI584_04665	32.0	266	147	9	1	260	5	242	1.74e-25	106
WP_131599563.1	lagg:B0E33_10030	25.8	229	157	4	96	317	6	228	4.06e-17	89.0
WP_131599572.1	seri:SERIO_v1c01060	55.7	467	203	2	3	468	2	465	3.09e-190	545
WP_131599578.1	hol:HORIV_58920	47.0	100	53	0	63	162	430	529	2.31e-22	103
WP_131599580.1	arh:AHiyo8_44430	22.1	290	193	9	19	296	16	284	1.61e-05	52.8
WP_131599583.1	vig:BKP57_15180	32.8	128	80	3	27	149	280	406	4.08e-11	65.9
WP_131599590.1	leq:BCB68_08580	28.8	212	120	6	45	236	79	279	8.30e-11	68.2
WP_131599595.1	seri:SERIO_v1c11840	26.2	657	405	17	1	607	9	635	3.58e-53	201
WP_131599610.1	smoo:SMONO_v1c05250	62.9	377	139	1	16	391	8	384	2.52e-163	468
WP_131599613.1	mclo:DK849_02385	38.6	236	135	5	12	241	16	247	2.57e-49	167
WP_131599614.1	mcd:MCRO_0586	49.1	346	171	2	1	342	1	345	1.01e-108	326
WP_131599620.1	aai:AARI_04680	30.8	130	90	0	43	172	107	236	9.74e-14	79.0
WP_131599622.1	eth:CK496_06140	44.1	379	203	5	1	376	4	376	3.97e-106	325
WP_131599631.1	malk:MalAC0309_0109	35.3	85	53	2	164	247	127	210	1.11e-10	67.4
WP_131599642.1	pcar:PC2016_2599	56.8	37	16	0	290	326	157	193	1.95e-05	51.6
WP_131599648.1	mlac:CP520_01360	29.6	162	104	3	2	155	3	162	1.06e-13	72.8
WP_131599652.1	mans:FRW55_02810	61.5	239	91	1	1	239	79	316	3.36e-96	289
WP_131599653.1	gym:GYMC10_2809	46.5	254	133	2	2	252	121	374	3.75e-67	226
WP_131599659.1	lwd:JCM16777_1226	32.3	99	60	4	3	97	213	308	8.54e-04	42.7
WP_168388295.1	mck:AXW82_02395	29.7	542	345	14	7	521	11	543	1.19e-57	206
WP_168388299.1	mmo:MMOB0410	54.8	303	137	0	2	304	4	306	6.70e-114	337
WP_168388300.1	ppd:Ppro_3622	34.0	94	52	3	115	204	216	303	2.90e-05	51.2
WP_168388306.1	sti:Sthe_0940	35.3	133	84	2	5	135	290	422	1.11e-15	86.7
WP_168388309.1	kal:KALB_1452	24.7	194	134	5	337	521	326	516	1.14e-06	57.8
WP_168388312.1	lagg:B0E33_10030	28.5	193	117	9	223	400	7	193	4.09e-05	52.4
WP_168388315.1	ean:Eab7_0042	42.9	112	60	3	84	193	305	414	4.28e-19	89.7
WP_168388318.1	mpe:MYPE7850	43.4	228	119	4	4	223	3	228	9.26e-51	170
WP_168388322.1	mco:MCJ_002740	42.9	238	128	4	5	237	8	242	2.26e-55	182
WP_168388329.1	izh:FEM41_01685	36.3	248	149	5	5	251	15	254	1.09e-42	152
WP_168388330.1	bhd:BHYOB78_04780	36.8	185	114	2	1	182	10	194	4.18e-27	106
WP_168388336.1	mpe:MYPE8710	32.7	620	360	10	4	572	55	668	2.09e-99	321
WP_168388340.1	mhr:MHR_0429	39.7	219	125	2	11	229	7	218	5.53e-39	140
WP_168388342.1	fnu:FN0922	24.9	225	132	8	13	202	5	227	2.51e-05	50.8
WP_168388343.1	mmo:MMOB0730	36.7	766	395	15	1	728	1	714	2.12e-130	408
WP_168388344.1	abra:BN85316550	25.8	314	197	14	325	627	2	290	6.79e-12	73.2
WP_168388345.1	ers:K210_07615	33.0	112	70	1	1	107	4	115	4.54e-07	52.4
WP_168388346.1	mans:FRW55_00330	45.4	218	110	5	3	215	4	217	3.34e-54	179
WP_168388351.1	mcd:MCRO_0577	56.1	628	253	6	4	609	3	629	2.09e-221	646
WP_168388352.1	seri:SERIO_v1c08370	41.5	53	30	1	1	52	2	54	3.65e-05	44.3
WP_210725189.1	mmo:MMOB2810	60.0	1268	393	10	5	1258	3	1170	0.0	1460
WP_210725190.1	bmur:ABE28_023510	37.1	178	87	9	66	236	50	209	1.45e-06	53.5
WP_210725197.1	mans:FRW55_03290	53.8	199	91	1	1	198	1	199	2.41e-71	221
WP_210725208.1	grc:GI584_22350	42.0	100	52	2	1	94	1	100	1.08e-20	90.5
WP_246005058.1	mmo:MMOB4820	52.6	329	156	0	3	331	12	340	6.65e-116	343
WP_246005062.1	mcr:MCFN_02535	62.8	312	115	1	1	311	4	315	7.22e-135	390
WP_246005064.1	syf:Synpcc7942_2454	23.8	265	183	5	90	337	157	419	1.38e-11	71.2
WP_246005070.1	salx:SALLE_v1c03860	49.5	184	92	1	15	197	28	211	3.30e-50	178
WP_246005071.1	sper:EW093_00580	46.9	254	124	3	7	250	128	380	6.01e-72	230
WP_246005073.1	lagg:B0E33_10030	26.5	226	135	6	120	341	19	217	3.57e-08	62.4
WP_246005077.1	cthd:CDO33_17660	44.3	97	51	3	72	166	50	145	2.25e-11	66.6
WP_246005080.1	miw:EER00_01485	49.7	545	248	8	13	543	20	552	2.22e-164	488
WP_246005081.1	mhyv:MHSN_00400	54.2	273	121	2	2	270	3	275	8.07e-95	285
WP_246005082.1	kal:KALB_1452	28.1	210	140	4	21	224	339	543	1.04e-17	87.8
WP_246005084.1	gym:GYMC10_2809	37.6	237	137	2	3	228	418	654	8.86e-42	157
