WP_205842284.1	mmo:MMOB4120	59.0	329	131	3	1	327	1	327	1.20e-131	383
WP_205842287.1	mhr:MHR_0543	49.5	728	355	9	1	717	1	726	2.66e-225	652
WP_205842288.1	mhr:MHR_0544	65.1	318	105	1	1	312	1	318	9.19e-145	415
WP_205842295.1	mgb:VO56_00505	71.4	126	35	1	4	128	5	130	5.56e-57	178
WP_205842298.1	apr:Apre_0330	34.2	111	71	2	41	150	38	147	1.72e-14	75.1
WP_205842304.1	mhh:MYM_0311	64.1	541	189	4	1	538	1	539	7.60e-245	687
WP_205842327.1	mphc:DMC14_003175	56.2	413	180	1	1	413	1	412	2.90e-163	470
WP_205842329.1	mpu:MYPU_0130	67.5	443	141	2	1	441	1	442	3.51e-207	583
WP_205842335.1	kal:KALB_1452	24.5	233	146	7	2	229	326	533	2.84e-07	59.7
WP_205842341.1	pbq:C3V37_00045	42.1	285	157	3	11	293	12	290	1.59e-62	204
WP_205842346.1	rum:CK1_05510	34.4	131	84	2	99	229	13	141	5.24e-16	82.4
WP_205842349.1	mcas:AAW50_02460	55.8	308	131	2	3	309	18	321	3.20e-120	353
WP_205842353.1	aar:Acear_2132	32.9	310	172	12	10	294	9	307	1.47e-34	140
WP_205842359.1	mhh:MYM_0452	47.1	227	110	2	2	228	5	221	1.58e-66	209
WP_205842368.1	pmib:BB2000_2541	42.0	69	40	0	7	75	161	229	4.40e-11	62.8
WP_205842371.1	haxi:HAALTHF_04080n	40.0	140	77	3	8	144	491	626	1.74e-14	75.9
WP_205842378.1	mhr:MHR_0032	68.1	370	117	1	1	369	1	370	7.10e-192	539
WP_205842387.1	mmo:MMOB4790	55.2	105	43	3	1	104	6	107	2.59e-27	101
WP_205842392.1	mans:FRW55_03465	29.2	277	164	7	90	347	125	388	1.76e-23	108
WP_205842394.1	mhr:MHR_0067	55.4	224	95	1	2	225	3	221	5.07e-78	239
WP_205842398.1	mpu:MYPU_6830	52.6	213	101	0	1	213	1	213	3.09e-77	236
WP_205842404.1	mhr:MHR_0426	53.5	185	86	0	4	188	3	187	1.02e-66	207
WP_205842406.1	mcd:MCRO_0060	49.4	180	90	1	1	179	1	180	2.73e-53	172
WP_205842414.1	uur:UU055	35.9	370	180	15	110	438	783	1136	2.98e-41	162
WP_205842429.1	fnu:FN0907	31.2	205	131	3	14	216	12	208	6.73e-24	101
WP_205842431.1	mpu:MYPU_4830	78.5	326	69	1	7	331	8	333	1.09e-180	508
WP_205842460.1	mbh:MMB_0688	31.4	261	147	11	8	260	355	591	1.35e-25	114
WP_205842477.1	mgb:VO56_01560	75.3	453	109	2	1	452	1	451	2.86e-239	666
WP_205842487.1	mcy:MCYN_0509	75.6	307	67	2	1	299	1	307	6.47e-150	427
WP_205842488.1	mcy:MCYN_0510	86.8	326	43	0	7	332	8	333	2.83e-205	570
WP_205842490.1	mcy:MCYN_0511	81.3	363	65	1	1	360	1	363	5.77e-213	592
WP_205842495.1	mck:AXW82_03155	69.4	454	137	1	1	454	2	453	1.55e-219	616
WP_205842497.1	mcy:MCYN_0820	59.6	458	185	0	1	458	7	464	9.13e-184	526
WP_205842498.1	msy:MS53_0680	34.5	281	174	5	1	275	4	280	1.72e-41	153
WP_205842500.1	shal:SHALO_0995	29.0	124	79	3	74	192	72	191	4.18e-06	51.2
WP_205842503.1	dex:HWD60_13890	28.2	262	174	6	1	254	1	256	1.82e-17	87.8
WP_205842506.1	kal:KALB_1452	27.0	222	151	4	7	222	326	542	1.20e-19	93.2
WP_205842510.1	pth:PTH_0951	33.8	204	121	7	76	272	25	221	6.58e-16	83.6
WP_205842531.1	mani:DP067_00645	68.9	396	120	1	7	402	2	394	2.85e-189	535
WP_205842541.1	brm:Bmur_2010	50.6	77	37	1	79	154	41	117	3.78e-13	71.6
WP_205842567.1	pfi:PFC_04760	38.0	92	55	2	16	106	12	102	1.42e-11	62.4
WP_205842621.1	mfq:MYF_01065	39.8	226	113	9	9	227	6	215	3.13e-32	122
WP_205842630.1	aai:AARI_04680	24.8	266	126	7	35	290	28	229	2.89e-11	71.2
WP_205842636.1	mhr:MHR_0407	40.2	259	149	5	2	259	3	256	4.51e-50	170
WP_205842642.1	mans:FRW55_02310	68.6	446	139	1	7	452	1	445	1.52e-228	638
WP_205842653.1	mmo:MMOB5070	66.1	448	151	1	1	448	1	447	2.39e-215	605
WP_205842657.1	mclo:DK849_01920	59.3	214	86	1	1	214	1	213	3.47e-86	259
WP_205842663.1	mcom:NCTC10178_00326	41.9	117	65	2	1	115	1	116	5.19e-25	96.7
WP_205842666.1	cov:EKO29_19985	29.8	121	77	6	207	322	49	166	8.07e-04	46.2
WP_205842681.1	mans:FRW55_02800	56.4	140	59	1	1	138	1	140	1.56e-48	157
WP_205842683.1	mhr:MHR_0301	59.3	400	163	0	1	400	1	400	3.61e-170	486
WP_205842685.1	mcy:MCYN_0517	65.4	318	108	2	1	317	1	317	3.49e-137	396
WP_205842690.1	lmh:LMHCC_2442	31.0	303	174	10	1678	1959	27	315	4.93e-28	122
WP_205842691.1	mhr:MHR_0509	58.4	233	97	0	5	237	6	238	2.05e-97	289
WP_205842692.1	mhr:MHR_0056	69.2	1417	410	10	5	1406	9	1413	0.0	1939
WP_205842693.1	mhr:MHR_0055	71.2	1204	323	8	1	1182	1	1202	0.0	1697
WP_205842696.1	fnf:BSQ88_01190	33.9	124	78	2	1	124	1	120	7.77e-09	60.5
WP_205842697.1	marg:MARG145_0702	29.4	296	179	8	7	284	7	290	1.45e-23	102
WP_205842698.1	mans:FRW55_03290	51.7	209	97	2	1	209	1	205	1.16e-72	224
WP_205842700.1	aaxa:NCTC10138_00417	32.2	87	57	1	6	92	557	641	2.57e-07	52.4
WP_205842702.1	mhr:MHR_0611	73.5	332	86	2	1	330	1	332	2.39e-150	431
WP_205842707.1	sphh:SDAV_002170	30.3	119	82	1	20	137	224	342	2.91e-07	54.7
WP_205842710.1	mhr:MHR_0365	64.5	603	214	0	5	607	3	605	1.48e-278	779
WP_205842728.1	mgb:VO56_00960	45.8	284	141	7	1	275	1	280	3.17e-76	239
WP_205842729.1	mhv:Q453_0554	46.7	981	492	12	1	965	1	966	1.32e-276	802
WP_205842730.1	mans:FRW55_03700	34.3	245	157	4	3	244	5	248	8.67e-35	131
WP_205842732.1	mhh:MYM_0644	69.3	501	154	0	3	503	4	504	3.89e-252	702
WP_205842734.1	mcac:MCCP01_0997	41.8	232	132	2	1	232	1	229	2.31e-55	182
WP_205842740.1	mboh:CO229_02110	60.1	283	111	2	1	282	1	282	2.45e-117	343
WP_205842743.1	mmo:MMOB3600	34.3	309	196	4	1	307	1	304	1.55e-42	154
WP_205842744.1	marg:MARG145_0096	25.8	523	353	12	1	512	1	499	1.85e-30	130
WP_205842745.1	myv:G155_14230	34.6	107	65	3	1	103	1	106	4.18e-12	63.2
WP_205842764.1	cno:NT01CX_2140	32.3	198	113	7	3	193	425	608	1.91e-13	77.4
WP_205842769.1	mamo:A6B35_32655	30.9	275	176	6	77	339	106	378	3.53e-34	135
WP_205842796.1	mcy:MCYN_0222	68.3	240	76	0	1	240	1	240	3.32e-111	324
WP_205842798.1	mcas:AAW50_01510	52.8	284	134	0	1	284	1	284	1.32e-97	293
WP_205842860.1	mcd:MCRO_0221	66.3	178	60	0	1	178	1	178	2.27e-79	239
WP_205842864.1	syf:Synpcc7942_2454	27.6	275	174	6	93	347	150	419	2.68e-12	73.6
WP_205842873.1	sanc:SANR_1063	64.7	329	116	0	7	335	3	331	2.46e-160	456
WP_205842876.1	aaxa:NCTC10138_01451	47.7	172	83	4	2	171	489	655	5.82e-44	159
WP_205842877.1	scou:SCORR_v1c07590	41.2	199	114	3	4	200	9	206	1.11e-36	140
WP_205842888.1	mco:MCJ_002810	71.7	399	111	2	1	398	1	398	8.87e-210	587
WP_205842896.1	scla:SCLARK_001776	24.8	274	189	6	3	261	11	282	2.04e-16	82.8
WP_205842907.1	mpho:DA803_02710	59.2	422	171	1	1	422	1	421	1.77e-178	509
WP_205842909.1	net:Neut_0908	35.2	162	101	2	3	160	442	603	3.99e-27	112
WP_205842910.1	mhyv:MHSN_00510	49.3	282	138	4	8	287	3	281	7.93e-78	243
WP_205842913.1	mco:MCJ_000040	70.2	600	179	0	2	601	4	603	1.10e-295	822
WP_205842915.1	mane:DP065_02595	37.3	362	223	2	1	362	1	358	9.75e-80	253
WP_205842922.1	mgb:VO56_00025	57.0	379	160	3	1	378	1	377	2.15e-139	407
WP_205842925.1	mcas:AAW50_00650	72.6	796	216	2	1	795	1	795	0.0	1200
WP_205842927.1	mcas:AAW50_00295	63.3	128	47	0	2	129	3	130	4.11e-50	160
WP_205842928.1	mcas:AAW50_00300	54.2	201	90	2	1	200	1	200	4.72e-65	204
WP_205842932.1	mck:AXW82_00210	88.0	384	46	0	2	385	1	384	6.30e-242	667
WP_205842933.1	mcy:MCYN_0409	62.8	328	120	2	1	326	1	328	8.84e-141	406
WP_205842936.1	erd:G7062_03030	35.0	100	60	1	4	98	8	107	9.93e-08	54.3
WP_205842937.1	mboh:CO229_01000	78.3	428	93	0	1	428	1	428	1.59e-243	674
WP_205842939.1	mpn:MPN496	55.8	663	208	5	1	582	1	659	5.44e-236	671
WP_205842940.1	mcy:MCYN_0235	87.9	91	11	0	5	95	4	94	1.23e-49	157
WP_205842941.1	mcy:MCYN_0234	74.1	158	41	0	1	158	1	158	6.01e-80	238
WP_205842944.1	mso:VY93_00185	31.3	128	82	3	2	129	296	417	2.56e-11	66.6
WP_205842945.1	mgly:NCTC10194_00711	61.5	452	171	2	1	449	1	452	3.35e-187	534
WP_205842948.1	mpu:MYPU_1770	44.4	171	94	1	3	173	7	176	2.91e-44	159
WP_205842949.1	mgly:NCTC10194_00742	58.8	318	130	1	1	318	2	318	1.64e-127	372
WP_205842956.1	phr:C6569_00880	23.8	240	179	3	9	247	2	238	3.56e-13	78.6
WP_205842962.1	mcas:AAW50_03480	68.7	486	148	3	4	487	3	486	1.38e-237	664
WP_205842963.1	aaxa:NCTC10138_00731	30.0	273	175	7	1	269	1	261	2.27e-18	87.8
WP_205842966.1	hho:HydHO_0552	26.4	420	285	10	3	406	2	413	1.01e-29	126
WP_205842967.1	cchv:BTM20_11505	24.5	278	171	10	87	359	964	1207	1.10e-07	60.8
WP_205842972.1	upa:UPA3_0021	31.8	267	164	10	9	264	10	269	3.32e-23	101
WP_205842973.1	mcd:MCRO_0603	71.1	287	83	0	1	287	1	287	2.17e-145	414
WP_205842978.1	kal:KALB_1452	30.4	207	126	5	25	218	342	543	3.38e-14	78.2
WP_205842998.1	hol:HORIV_58920	55.0	80	36	0	51	130	446	525	2.60e-16	88.6
WP_205843004.1	arh:AHiyo8_44430	21.7	235	165	4	86	309	67	293	4.01e-10	67.0
WP_205843007.1	mcy:MCYN_0026	32.6	193	110	5	509	682	10	201	1.28e-11	74.7
WP_205843009.1	mhh:MYM_0006	49.8	325	162	1	1	324	1	325	9.53e-115	340
WP_205843030.1	mhs:MOS_487	60.2	304	121	0	1	304	1	304	4.52e-124	362
WP_205843032.1	mhh:MYM_0696	69.7	142	43	0	4	145	10	151	1.38e-65	201
WP_205843034.1	mhn:MHP168_014	46.8	77	38	1	1	77	1	74	1.37e-13	69.7
WP_205843035.1	mmo:MMOB1240	52.8	534	243	7	7	536	8	536	1.06e-185	536
WP_205843039.1	mhr:MHR_0132	61.7	885	337	2	1	883	1	885	0.0	1120
WP_205843041.1	cfm:BJL90_12025	27.7	289	161	7	8	255	25	306	1.38e-18	95.9
WP_205843051.1	sprn:S100390_v1c07850	36.4	88	44	2	20	106	19	95	9.14e-06	53.1
WP_205843069.1	mge:MG_517	30.2	298	194	5	8	293	5	300	1.81e-33	131
WP_205843070.1	mge:MG_517	29.4	306	201	8	6	298	5	308	6.04e-30	122
WP_205843071.1	mhr:MHR_0145	56.4	564	240	2	7	564	7	570	1.22e-216	618
WP_205843080.1	mco:MCJ_001550	54.2	323	145	3	1	323	1	320	1.05e-101	307
WP_205843085.1	bco:Bcell_3360	27.3	176	126	2	5	180	155	328	1.49e-10	66.6
WP_205843086.1	mani:DP067_02770	49.1	216	106	2	1	213	1	215	3.51e-68	213
WP_205843113.1	mbc:MYB_02065	58.3	163	68	0	3	165	2	164	1.03e-60	202
WP_205843115.1	psuu:Psuf_007680	59.4	160	65	0	6	165	387	546	2.44e-50	193
WP_205843116.1	emar:D1013_13880	29.4	136	77	5	91	207	156	291	8.92e-04	47.0
WP_205843118.1	mhr:MHR_0441	66.1	301	102	0	3	303	4	304	1.84e-136	393
WP_205843119.1	dsf:UWK_00711	29.2	219	119	8	78	295	1	184	3.50e-09	63.5
WP_205843122.1	mhr:MHR_0289	77.5	222	50	0	1	222	1	222	3.79e-122	350
WP_205843125.1	kpf:IX53_00200	32.9	337	210	7	21	356	19	340	1.07e-43	159
WP_205843126.1	kpf:IX53_00200	34.4	343	208	8	12	352	7	334	3.61e-46	166
WP_205843135.1	mhyv:MHSN_00700	61.8	327	125	0	2	328	5	331	3.30e-137	397
WP_205843141.1	rbc:BN938_2741	26.2	229	120	7	117	298	13	239	6.67e-09	64.7
WP_205843147.1	pth:PTH_0951	31.3	252	164	2	2	252	9	252	1.34e-36	142
WP_205843148.1	kal:KALB_1452	33.9	248	139	4	15	262	334	556	2.82e-36	142
WP_205843150.1	mhh:MYM_0113	41.5	723	358	8	8	727	11	671	1.80e-170	510
WP_205843162.1	mgly:NCTC10194_00296	55.3	468	206	2	1	465	1	468	4.59e-164	476
WP_205843164.1	sns:VC03_06315	39.4	94	55	2	1	94	2	93	9.76e-14	66.2
WP_205843166.1	mhr:MHR_0620	67.0	185	61	0	1	185	1	185	2.53e-88	263
WP_205843167.1	mmo:MMOB1600	56.0	277	111	4	6	275	2	274	3.09e-92	279
WP_205843169.1	mhh:MYM_0011	64.0	767	275	1	1	767	1	766	0.0	1012
WP_205843174.1	nio:NITINOP_1277	31.7	164	96	4	9	156	17	180	8.65e-11	71.6
WP_205843181.1	mpho:DA803_01870	67.1	283	93	0	16	298	12	294	1.32e-141	407
WP_205843182.1	mat:MARTH_orf733	32.5	311	193	3	8	302	2	311	6.79e-43	154
WP_205843184.1	mgly:NCTC10194_00034	75.0	236	59	0	1	236	1	236	9.06e-125	358
WP_205843191.1	ful:C4N20_10140	25.2	333	196	13	8	313	10	316	5.52e-10	66.2
WP_205843194.1	mhr:MHR_0117	68.5	314	98	1	7	319	10	323	2.43e-148	425
WP_205843198.1	mcy:MCYN_0412	40.2	246	131	5	3	240	2	239	7.45e-45	155
WP_205843202.1	ttr:Tter_1304	26.4	239	156	8	8	240	1	225	6.00e-08	58.5
WP_205843207.1	pth:PTH_0951	27.2	224	149	4	30	253	25	234	6.89e-19	94.0
WP_205843215.1	mpu:MYPU_6350	64.2	215	77	0	1	215	7	221	2.01e-91	272
WP_205843216.1	csh:Closa_0870	35.0	765	454	13	7	752	13	753	1.57e-131	421
WP_205843223.1	kod:HBK84_03605	33.3	108	53	4	8	98	432	537	1.78e-09	60.1
WP_205843225.1	mcas:AAW50_01890	59.0	458	187	1	1	457	1	458	3.08e-192	547
WP_205843226.1	mgly:NCTC10194_00511	68.6	478	147	2	2	476	3	480	1.40e-241	674
WP_205843229.1	mhs:MOS_190	53.2	293	136	1	4	296	2	293	6.53e-104	310
WP_205843230.1	mmo:MMOB5380	67.6	207	67	0	1	207	1	207	2.30e-98	289
WP_205843231.1	mpul:BLA55_01030	76.1	213	51	0	1	213	1	213	2.49e-109	318
WP_205843232.1	mal:MAGa5600	70.5	430	127	0	1	430	1	430	9.26e-207	582
WP_205843233.1	mcy:MCYN_0344	70.0	233	69	1	1	232	1	233	1.47e-109	319
WP_205843241.1	sbr:SY1_23010	29.9	221	140	4	28	234	32	251	4.56e-16	84.0
WP_205843242.1	sprn:S100390_v1c02950	29.0	272	165	8	6	262	5	263	2.27e-21	95.9
WP_205843243.1	mbc:MYB_00335	39.1	284	160	6	1	279	1	276	1.12e-50	173
WP_205843244.1	mans:FRW55_03675	75.1	169	41	1	1	168	1	169	7.08e-86	254
WP_240463333.1	mhs:MOS_609	61.9	883	324	5	2	875	5	884	0.0	1033
WP_240463335.1	dal:Dalk_2742	29.9	221	145	4	1	211	306	526	2.21e-15	80.1
WP_240463336.1	mhr:MHR_0350	58.8	311	128	0	1	311	14	324	1.22e-123	362
WP_240463338.1	daa:AKL17_1428	44.2	154	80	4	49	198	392	543	2.40e-26	111
WP_240463339.1	str:Sterm_4133	33.3	222	127	6	7	225	221	424	1.03e-21	99.8
WP_240463341.1	saf:SULAZ_1426	32.6	389	220	10	19	404	22	371	5.44e-47	176
WP_240463349.1	piv:NCTC13079_00754	40.0	75	42	1	74	145	554	628	4.79e-08	56.6
WP_240463352.1	tro:trd_0207	36.8	68	38	2	1	65	318	383	3.25e-04	44.7
WP_240463354.1	pans:FCN45_21235	27.6	127	89	1	34	157	49	175	2.38e-07	54.3
WP_240463355.1	taf:THA_1678	32.9	146	93	2	87	227	187	332	8.08e-08	58.5
WP_240463356.1	mhr:MHR_0209	48.5	204	94	3	3	195	81	284	1.40e-54	186
WP_240463357.1	mhy:mhp040	47.5	162	85	0	11	172	327	488	9.80e-45	160
WP_240463358.1	mhr:MHR_0416	53.7	188	86	1	1	188	54	240	5.35e-66	208
WP_240463359.1	mbc:MYB_02415	47.9	466	234	6	1	466	1	457	1.69e-139	415
WP_240463360.1	aba:Acid345_2395	25.6	281	170	6	1	260	20	282	3.14e-22	103
WP_240463362.1	eat:EAT1b_2867	34.9	172	84	9	7	175	3	149	9.22e-14	73.9
WP_240463363.1	nba:CUN60_11540	43.5	62	34	1	5	66	230	290	3.90e-04	48.1
WP_240463364.1	mbh:MMB_0621	68.1	452	139	3	1	452	1	447	4.12e-221	620
WP_240463365.1	ran:Riean_0111	26.4	235	160	6	138	370	200	423	7.31e-05	51.2
WP_240463366.1	mhh:MYM_0247	60.9	491	190	2	4	494	2	490	2.64e-213	604
WP_240463368.1	mpu:MYPU_2780	69.7	142	42	1	1	142	14	154	7.47e-71	214
WP_240463370.1	aae:aq_1630	36.8	68	43	0	36	103	247	314	1.24e-04	45.4
WP_240463371.1	lgy:T479_17565	32.7	205	103	11	1	201	5	178	1.45e-10	65.1
WP_240463374.1	mphc:DMC14_001410	53.7	354	162	2	1	352	23	376	1.98e-123	366
WP_240463375.1	mcy:MCYN_0508	68.9	604	178	3	1	598	1	600	4.98e-281	784
WP_240463379.1	mhh:MYM_0296	48.7	191	89	3	1	182	17	207	1.29e-43	149
WP_240463380.1	mev:Metev_1354	32.8	134	80	5	81	211	362	488	4.99e-05	52.0
WP_240463384.1	mco:MCJ_003760	66.0	362	121	2	4	364	3	363	1.39e-164	470
WP_240463389.1	mmo:MMOB2760	54.1	355	162	1	2	355	3	357	6.70e-129	378
WP_240463397.1	mgb:VO56_02410	60.7	234	88	2	1	231	12	244	5.24e-93	278
WP_240463401.1	mat:MARTH_orf158	54.7	362	162	2	1	361	1	361	1.01e-117	374
WP_240463403.1	mmo:MMOB0650	46.8	141	71	1	26	166	23	159	1.18e-34	124
WP_240463404.1	mcou:NCTC10179_00043	82.1	56	10	0	1	56	463	518	3.45e-22	92.8
WP_240463405.1	mpu:MYPU_0170	59.2	218	88	1	2	219	51	267	2.50e-80	260
WP_240463406.1	mboh:CO229_02455	65.2	342	119	0	15	356	15	356	3.93e-152	454
WP_240463407.1	dat:HRM2_08670	31.9	568	365	9	5	562	752	1307	1.25e-83	290
WP_240463408.1	mpu:MYPU_7210	52.5	162	77	0	1	162	1	162	3.53e-47	156
WP_240463409.1	rum:CK1_05510	25.7	140	103	1	85	224	3	141	4.57e-11	67.8
WP_240463411.1	mcas:AAW50_01500	72.0	565	150	4	1	558	2	565	1.95e-281	781
WP_240463417.1	mhr:MHR_0305	51.3	374	182	0	1	374	10	383	5.47e-131	385
WP_240463418.1	shg:Sph21_3363	28.2	117	82	1	56	170	1	117	7.27e-04	45.1
WP_240463419.1	mck:AXW82_01450	60.8	309	120	1	1	308	61	369	1.10e-129	379
WP_240463423.1	mpho:DA803_00655	57.3	487	178	5	1	480	1	464	2.81e-176	516
WP_240463431.1	hol:HORIV_58920	38.5	117	71	1	15	130	435	551	5.11e-18	92.4
WP_240463434.1	mhm:SRH_03315	74.2	465	120	0	1	465	11	475	2.42e-245	682
WP_240463442.1	pth:PTH_0951	27.9	226	147	3	86	311	25	234	1.46e-14	81.6
WP_240463445.1	iva:Isova_2221	29.2	120	82	2	263	382	149	265	1.74e-08	63.2
WP_240463449.1	mmo:MMOB4710	69.2	415	125	2	4	415	3	417	8.84e-200	563
WP_240463451.1	mcas:AAW50_02595	55.2	281	126	0	1	281	1	281	2.86e-108	321
WP_240463453.1	mboh:CO229_00810	65.7	659	218	5	1	657	1	653	8.45e-294	822
WP_240463460.1	mbv:MBOVPG45_0069	33.8	263	161	7	6	262	5	260	7.77e-37	137
WP_240463461.1	mcy:MCYN_0231	77.0	235	54	0	1	235	9	243	4.73e-135	384
WP_240463471.1	mcas:AAW50_00305	84.0	325	52	0	1	325	1	325	7.54e-193	538
WP_240463475.1	mck:AXW82_00215	86.1	489	68	0	1	489	1	489	2.17e-315	862
WP_240463476.1	lyb:C3943_21740	68.1	298	89	5	1	297	71	363	1.30e-132	386
WP_240463477.1	mcy:MCYN_0233	81.5	216	39	1	1	216	1	215	4.72e-121	347
WP_240463478.1	mcy:MCYN_0232	74.0	285	73	1	1	284	1	285	3.48e-149	424
WP_240463479.1	mdv:C5Q96_00430	36.0	197	115	2	1	186	1	197	9.27e-29	117
WP_240463481.1	mbak:MSBR3_3096	32.1	106	72	0	3	108	85	190	9.92e-08	57.0
WP_240463482.1	loki:Lokiarch_05600	28.9	190	119	4	50	225	25	212	2.01e-05	53.5
WP_240463486.1	mcy:MCYN_0727	66.5	310	104	0	1	310	1	310	1.98e-142	409
WP_240463490.1	arh:AHiyo8_44430	23.9	230	159	5	108	328	67	289	9.30e-08	60.1
WP_240463492.1	mpe:MYPE2650	62.1	327	124	0	4	330	1	327	7.27e-141	406
WP_240463501.1	mhr:MHR_0007	61.6	315	121	0	1	315	1	315	1.72e-141	407
WP_240463502.1	smb:smi_1537	27.1	140	97	1	51	190	1265	1399	2.73e-09	62.0
WP_240463507.1	mcom:NCTC10178_00353	59.8	224	89	1	26	248	10	233	3.38e-88	268
WP_240463521.1	mcas:AAW50_00205	64.3	325	112	3	3	324	1	324	1.82e-141	407
WP_240463524.1	mhh:MYM_0649	70.5	566	167	0	4	569	5	570	3.22e-298	826
WP_240463526.1	epo:Epro_1098	49.7	360	165	6	2	354	30	380	2.56e-108	328
WP_240463530.1	mmo:MMOB0570	52.9	1225	573	4	194	1415	210	1433	0.0	1251
WP_240463539.1	mans:FRW55_02660	62.2	429	154	4	4	428	6	430	1.44e-173	498
WP_240463542.1	rhj:HZY79_12550	35.2	193	108	7	6	184	350	539	1.28e-17	87.8
