WP_182078512.1	mgz:GCW_02175	89.7	242	25	0	1	242	1	242	3.01e-148	418
WP_182078513.1	mgn:HFMG06NCA_2879	88.4	258	29	1	1	257	1	258	6.43e-169	471
WP_182078517.1	mgf:MGF_3185	89.4	463	49	0	1	463	1	463	3.24e-309	843
WP_182078519.1	bhp:BHAMNSH16_13810	30.8	169	115	2	7	174	230	397	9.52e-12	71.2
WP_182078520.1	thet:F1847_02130	31.4	121	81	1	25	145	25	143	2.63e-10	63.5
WP_182078529.1	uur:UU114	45.2	155	82	2	1	154	1	153	4.45e-33	129
WP_182078530.1	mga:MGA_0039	90.8	262	24	0	1	262	1	262	1.15e-170	476
WP_182078531.1	mga:MGA_0041	94.6	111	6	0	1	111	1	111	5.82e-71	212
WP_182078541.1	lli:uc509_0066	74.6	374	95	0	17	390	1	374	2.96e-205	574
WP_182078548.1	mgn:HFMG06NCA_3045	80.8	261	50	0	1	261	1	261	6.19e-155	436
WP_182078549.1	mga:MGA_0052	85.1	363	54	0	1	363	1	363	5.39e-237	652
WP_182078568.1	mga:MGA_0087	91.9	805	65	0	1	805	1	805	0.0	1535
WP_182078571.1	cgn:OK18_12670	45.8	271	136	3	6	274	14	275	5.85e-81	251
WP_182078579.1	mamo:A6B35_32655	27.6	225	152	4	122	336	150	373	1.25e-18	92.0
WP_182078582.1	mga:MGA_0105	92.7	466	24	1	1	466	1	456	7.15e-296	810
WP_182078583.1	mgn:HFMG06NCA_3363	91.6	214	18	0	1	214	1	214	2.03e-139	393
WP_182078585.1	mgf:MGF_5649	26.8	164	103	6	154	310	213	366	2.80e-07	58.9
WP_182078588.1	mgn:HFMG06NCA_3404	91.0	445	36	1	1	441	1	445	2.94e-288	789
WP_182078599.1	ere:EUBREC_0628	46.9	320	165	2	1	318	356	672	1.85e-103	322
WP_182078601.1	coo:CCU_27490	40.7	108	63	1	610	717	11	117	8.59e-16	80.5
WP_182078604.1	mgz:GCW_02640	93.3	313	21	0	1	313	1	313	3.72e-214	590
WP_182078607.1	mgz:GCW_92659	95.2	373	18	0	1	373	1	373	1.33e-258	708
WP_182078612.1	hol:HORIV_58920	40.2	122	73	0	7	128	430	551	1.68e-20	100
WP_182078619.1	mga:MGA_0156	95.3	508	24	0	1	508	1	508	0.0	963
WP_182078620.1	mgn:HFMG06NCA_3577	97.6	332	8	0	1	332	1	332	3.39e-231	635
WP_182078621.1	mgz:GCW_02730	90.9	331	30	0	1	331	1	331	8.83e-222	611
WP_182078622.1	mgf:MGF_2598	90.7	461	43	0	1	461	5	465	1.08e-307	840
WP_182078623.1	mgz:GCW_02740	78.9	493	53	4	1	493	1	442	2.93e-224	629
WP_182078624.1	mgn:HFMG06NCA_3600	89.8	325	33	0	1	325	1	325	9.01e-212	585
WP_182078625.1	mgn:HFMG06NCA_3606	94.4	359	20	0	1	359	1	359	3.34e-247	678
WP_182078626.1	ddh:Desde_2608	24.9	362	237	9	1	358	1	331	9.06e-22	103
WP_182078627.1	mgn:HFMG06NCA_3618	93.8	388	24	0	1	388	1	388	4.49e-262	718
WP_182078634.1	hhm:BN341_18130	27.1	188	116	6	77	258	62	234	6.83e-05	50.8
WP_182078636.1	mga:MGA_0190	95.7	328	14	0	1	328	1	328	3.15e-234	642
WP_182078637.1	mga:MGA_0192	92.2	396	31	0	1	396	1	396	4.14e-262	719
WP_182078641.1	mgz:GCW_02860	90.7	472	42	1	1	470	1	472	1.13e-298	818
WP_182078642.1	apb:SAR116_1362	42.7	103	55	1	6	108	209	307	2.09e-18	84.7
WP_182078649.1	aai:AARI_04680	27.6	123	89	0	209	331	116	238	5.93e-10	67.8
WP_182078651.1	syf:Synpcc7942_2454	31.7	271	177	4	54	317	155	424	1.21e-27	119
WP_182078654.1	pth:PTH_0951	27.0	226	149	3	79	304	25	234	1.08e-15	85.1
WP_182078660.1	vni:VIBNI_B1692	28.6	126	86	2	61	186	59	180	1.15e-06	52.8
WP_182078662.1	fno:Fnod_0277	27.6	246	137	9	12	226	8	243	1.01e-11	72.8
WP_182078667.1	age:AA314_06455	28.9	190	116	5	1	173	17	204	1.60e-09	67.4
WP_182078677.1	maa:MAG3320	31.3	115	78	1	2	116	5	118	4.52e-13	66.2
WP_182078678.1	mgz:GCW_03105	92.0	262	21	0	1	262	11	272	1.37e-170	476
WP_182078680.1	mga:MGA_0293	92.3	350	27	0	1	350	1	350	1.59e-229	632
WP_182078681.1	mgz:GCW_03120	91.7	288	24	0	1	288	1	288	2.89e-194	538
WP_182078682.1	bco:Bcell_4192	31.7	259	137	10	10	264	4	226	8.49e-18	86.3
WP_182078684.1	pla:Plav_3064	28.5	316	165	11	11	282	29	327	1.99e-18	95.5
WP_182078692.1	mgf:MGF_1705	90.8	305	28	0	1	305	1	305	1.66e-197	548
WP_182078694.1	mga:MGA_0338	91.0	860	77	0	1	860	1	860	0.0	1602
WP_182078695.1	aii:E4K63_01795	27.9	172	85	7	22	177	217	365	8.89e-05	48.1
WP_182078696.1	mgf:MGF_1673	83.8	643	103	1	1	642	1	643	0.0	1059
WP_182078697.1	mpz:Marpi_0366	29.5	224	151	5	4	223	27	247	1.79e-15	82.4
WP_182078699.1	smf:Smon_0517	33.3	114	74	2	12	123	2	115	1.96e-11	67.4
WP_182078700.1	mgf:MGF_1651	94.1	340	20	0	1	340	1	340	1.22e-228	629
WP_182078701.1	kci:CKCE_0405	30.7	244	162	4	8	245	370	612	3.26e-26	112
WP_182078703.1	kal:KALB_1452	30.5	269	166	5	7	273	309	558	2.18e-34	137
WP_182078704.1	kal:KALB_1452	32.2	236	156	2	8	242	326	558	8.79e-38	145
WP_182078705.1	mga:MGA_0356	92.2	503	39	0	1	503	1	503	0.0	927
WP_182078706.1	mga:MGA_0361	89.6	134	14	0	1	134	10	143	1.70e-85	251
WP_182078707.1	mga:MGA_0362	92.6	419	31	0	1	419	1	419	1.90e-281	769
WP_182078709.1	mga:MGA_0364	93.2	236	16	0	1	236	1	236	7.89e-157	439
WP_182078712.1	lagg:B0E33_10030	27.9	204	140	3	20	221	17	215	2.58e-13	79.3
WP_182078723.1	mgf:MGF_4777	78.4	619	114	3	1	619	1	599	0.0	895
WP_182078725.1	ten:LPB136_04225	26.2	325	195	10	5	303	12	317	6.19e-13	75.1
WP_182078729.1	mgf:MGF_4830	94.4	482	27	0	1	482	1	482	0.0	899
WP_182078730.1	sprn:S100390_v1c09630	34.1	88	58	0	369	456	3	90	5.33e-07	53.5
WP_182078731.1	daa:AKL17_1428	30.8	195	122	6	39	226	368	556	1.89e-14	77.8
WP_182078737.1	mgz:GCW_03470	90.5	327	31	0	1	327	1	327	8.44e-218	601
WP_182078738.1	mgn:HFMG06NCA_4760	95.2	462	22	0	1	462	1	462	0.0	887
WP_182078740.1	pof:GS400_19460	24.8	286	171	7	1	286	1	242	2.67e-14	76.6
WP_182078741.1	mgf:MGF_4896	92.9	325	23	0	1	325	1	325	2.70e-213	589
WP_182078745.1	mgf:MGF_4914	96.6	234	8	0	1	234	1	234	8.96e-162	451
WP_182078747.1	mgz:GCW_03530	98.8	325	4	0	1	325	1	325	1.81e-227	625
WP_182078749.1	msp:Mspyr1_52030	38.5	91	56	0	9	99	10	100	3.05e-19	81.3
WP_182078750.1	rgn:RGna_12450	54.8	31	14	0	620	650	187	217	1.64e-05	52.8
WP_182078751.1	mgf:MGF_4976	90.7	215	20	0	1	215	1	215	1.87e-140	396
WP_182078752.1	mgz:GCW_03575	92.5	427	32	0	1	427	1	427	1.37e-290	793
WP_182078753.1	mgz:GCW_03580	91.6	274	23	0	1	274	1	274	2.27e-184	512
WP_182078757.1	bbgw:UT28_C0001G0808	40.2	132	69	5	62	187	45	172	1.76e-16	82.4
WP_182078759.1	mgf:MGF_5022	92.8	611	44	0	1	611	1	611	0.0	1139
WP_182078760.1	sns:VC03_02365	37.7	61	38	0	57	117	45	105	4.27e-04	46.2
WP_182078774.1	mga:MGA_0497	97.8	134	3	0	1	134	1	134	4.55e-88	257
WP_182078775.1	mga:MGA_0498	95.2	290	14	0	1	290	1	290	4.28e-197	545
WP_182078777.1	mga:MGA_0502	95.1	224	11	0	1	224	1	224	1.18e-152	427
WP_182078780.1	thu:AC731_011185	33.5	164	103	3	3	160	459	622	4.92e-20	92.4
WP_182078781.1	mgf:MGF_5157	80.5	287	56	0	1	287	1	287	7.13e-167	469
WP_182078785.1	mgf:MGF_5271	90.1	435	43	0	1	435	1	435	6.91e-299	815
WP_182078786.1	mgs:HFMG95NCA_5335	88.1	715	85	0	1	715	1	715	0.0	1257
WP_182078787.1	mbc:MYB_02065	45.3	159	78	4	2	157	1	153	3.21e-34	131
WP_182078794.1	mgn:HFMG06NCA_5340	88.7	453	51	0	1	453	20	472	4.92e-299	818
WP_182078795.1	rix:RO1_39240	32.2	115	61	5	30	140	47	148	1.48e-04	50.1
WP_182078796.1	mgf:MGF_5602	96.4	498	18	0	1	498	1	498	0.0	969
WP_182078797.1	mgn:HFMG06NCA_5364	85.5	283	41	0	1	283	1	283	6.71e-170	476
WP_182078802.1	mgf:MGF_5651	93.8	260	16	0	1	260	1	260	3.93e-178	495
WP_182078803.1	mgn:HFMG06NCA_5411	91.4	210	18	0	1	210	1	210	9.67e-136	384
WP_182078804.1	mgn:HFMG06NCA_5417	96.0	420	17	0	1	420	1	420	6.29e-292	796
WP_182078808.1	mga:MGA_0618	96.2	391	15	0	1	391	1	391	2.21e-259	711
WP_182078812.1	kal:KALB_1452	29.1	179	105	4	332	501	326	491	4.76e-13	78.2
WP_182078813.1	kal:KALB_1452	25.0	232	162	5	392	619	326	549	7.00e-16	87.4
WP_182078816.1	rhj:HZY79_12550	26.1	253	167	8	15	250	351	600	3.77e-12	72.0
WP_182078818.1	mgf:MGF_0066	92.0	549	44	0	1	549	1	549	0.0	1018
WP_182078821.1	mga:MGA_0644	97.6	508	12	0	1	508	1	508	0.0	1002
WP_182078822.1	mgz:GCW_00075	92.1	380	30	0	5	384	2	381	3.28e-259	710
WP_182078824.1	gob:Gobs_1471	27.9	140	96	2	7	144	8	144	1.06e-06	52.0
WP_182078825.1	mga:MGA_0650	86.9	275	36	0	1	275	1	275	2.74e-165	464
WP_182078826.1	haxi:HAALTHF_35130n	40.0	75	42	2	30	104	5	76	7.76e-06	50.4
WP_182078828.1	mgf:MGF_0172	96.8	155	5	0	1	155	1	155	6.36e-105	301
WP_182078829.1	mga:MGA_0658	94.5	181	10	0	1	181	1	181	8.93e-120	341
WP_182078833.1	aori:SD37_07780	28.9	83	58	1	3	85	140	221	4.66e-05	45.4
WP_182078834.1	mgf:MGF_0202	93.2	662	45	0	1	662	1	662	0.0	1223
WP_182078841.1	mgf:MGF_0272	95.0	320	16	0	1	320	1	320	2.77e-225	619
WP_182078846.1	mga:MGA_0695	96.5	722	25	0	1	722	1	722	0.0	1399
WP_182078847.1	pzi:CWO85_01355	33.3	75	48	1	74	148	53	125	8.60e-05	47.4
WP_182078848.1	mga:MGA_0698	96.5	339	12	0	1	339	1	339	1.42e-247	677
WP_182078849.1	mga:MGA_0699	92.0	289	23	0	1	289	1	289	3.30e-205	566
WP_182078851.1	miw:EER00_03365	46.6	277	140	4	4	276	4	276	6.43e-77	240
WP_182078870.1	mgz:GCW_00380	86.9	214	28	0	1	214	1	214	1.05e-139	394
WP_182078872.1	mgf:MGF_0480	94.4	322	18	0	1	322	1	322	1.93e-221	610
WP_182078874.1	mga:MGA_0753	94.1	492	29	0	1	492	1	492	0.0	928
WP_182078877.1	sha:SH0215	32.7	361	224	6	5	361	4	349	2.29e-50	177
WP_182078880.1	dat:HRM2_08670	33.7	569	352	9	5	562	753	1307	5.05e-82	285
WP_182078885.1	len:LEP3755_57220	31.7	101	64	1	9	109	360	455	9.65e-06	48.5
WP_182078887.1	psuu:Psuf_007680	61.5	161	62	0	9	169	386	546	2.18e-53	202
WP_182078888.1	mgn:HFMG06NCA_0646	94.1	236	14	0	1	236	1	236	7.25e-153	429
WP_182078890.1	mga:MGA_0785	80.3	375	71	1	1	375	1	372	7.83e-212	590
WP_182078891.1	mgf:MGF_0665	92.4	368	28	0	1	368	1	368	1.04e-250	687
WP_182078893.1	mgs:HFMG95NCA_0675	88.5	1498	168	1	1	1498	1	1494	0.0	2671
WP_182078897.1	nao:Y958_17670	25.4	252	148	10	152	370	89	333	2.64e-06	57.0
WP_182078903.1	sbr:SY1_23010	27.9	201	137	5	7	202	5	202	3.33e-09	62.0
WP_182078904.1	mgn:HFMG06NCA_0900	87.5	657	82	0	1	657	1	657	0.0	1187
WP_182078905.1	mgz:GCW_00665	88.1	438	52	0	1	438	1	438	1.68e-280	769
WP_182078906.1	mgz:GCW_00670	94.8	902	47	0	1	902	1	902	0.0	1727
WP_182078913.1	mgn:HFMG06NCA_0959	89.8	315	32	0	1	315	1	315	6.17e-214	590
WP_182078918.1	mga:MGA_0855	83.4	915	128	1	1	915	1	891	0.0	1505
WP_182078919.1	mgf:MGF_0998	91.7	495	41	0	1	495	1	495	0.0	909
WP_182078922.1	tle:Tlet_1414	31.1	74	49	1	118	191	70	141	1.24e-05	51.2
WP_182078924.1	mga:MGA_0866	96.8	154	5	0	1	154	1	154	1.49e-103	298
WP_182078936.1	cex:CSE_14870	37.1	213	118	5	152	364	189	385	5.76e-24	109
WP_182078937.1	mga:MGA_0900	82.1	224	40	0	1	224	1	224	5.50e-126	360
WP_182078941.1	mga:MGA_0914	86.3	306	42	0	1	306	1	306	8.49e-196	543
WP_182078942.1	uur:UU274	40.8	348	202	3	2	346	7	353	7.95e-91	281
WP_182078951.1	bomb:GT348_03640	24.2	198	121	4	87	255	104	301	3.98e-04	47.4
WP_182078957.1	mgn:HFMG06NCA_1420	87.1	419	54	0	1	419	1	419	1.14e-266	732
WP_182078958.1	mgz:GCW_01070	90.9	582	53	0	1	582	1	582	0.0	1058
WP_182078959.1	mgf:MGF_1389	95.2	722	35	0	1	722	1	722	0.0	1365
WP_182078960.1	mgf:MGF_1401	90.2	540	53	0	1	540	1	540	0.0	979
WP_182078962.1	mga:MGA_0955	93.8	178	11	0	1	178	1	178	8.93e-114	325
WP_182078965.1	haxi:HAALTHF_04080n	40.2	132	78	1	9	139	495	626	5.41e-15	77.0
WP_182078973.1	mga:MGA_0994	94.6	147	8	0	1	147	1	147	1.21e-96	280
WP_182078975.1	hhm:BN341_18130	31.0	155	85	8	97	238	85	230	7.77e-04	47.4
WP_182078977.1	pcx:LPB68_19075	25.9	147	98	3	51	191	17	158	5.90e-09	58.5
WP_182078978.1	upa:UPA3_0021	24.9	293	157	11	13	264	1	271	5.04e-15	79.0
WP_182078979.1	mga:MGA_1000	97.3	1390	37	0	1	1390	1	1390	0.0	2635
WP_182078980.1	mga:MGA_1005	97.9	1286	27	0	1	1286	1	1286	0.0	2447
WP_182078985.1	fpr:FP2_02770	25.6	199	141	2	24	221	23	215	2.96e-14	77.8
WP_182078987.1	mga:MGA_1022	94.9	474	24	0	1	474	1	474	0.0	917
WP_182078991.1	lok:Loa_02087	38.6	57	30	1	3	59	5	56	5.21e-05	42.7
WP_182078992.1	pmob:HG718_01310	27.9	427	246	16	8	389	21	430	9.63e-35	141
WP_182078993.1	pprf:DPRO_3782	41.9	117	58	3	86	195	31	144	7.09e-15	78.6
WP_182078997.1	mgn:HFMG06NCA_1920	91.1	1023	91	0	1	1023	1	1023	0.0	1848
WP_182078998.1	mgn:HFMG06NCA_1933	87.8	288	35	0	1	288	1	288	8.48e-187	519
WP_182078999.1	dex:HWD60_13890	28.1	260	185	2	1	259	1	259	4.24e-24	107
WP_182079000.1	mga:MGA_1054n	89.5	200	21	0	1	200	1	200	7.71e-128	363
WP_182079003.1	saf:SULAZ_1426	32.9	398	219	10	7	404	22	371	2.56e-44	170
WP_182079004.1	mgn:HFMG06NCA_1975	96.5	456	16	0	1	456	1	456	0.0	887
WP_182079007.1	amic:Ami3637_06275	29.2	233	147	7	9	228	6	233	8.60e-18	84.7
WP_182079011.1	aai:AARI_04680	23.1	277	139	4	23	291	17	227	9.40e-11	69.7
WP_182079014.1	lpx:ASU28_14005	28.8	111	78	1	42	152	617	726	4.69e-07	54.3
WP_182079018.1	vpn:A21D_01744	24.0	300	197	10	7	295	2	281	9.54e-12	70.1
WP_182079022.1	dwd:DSCW_47150	27.6	232	148	5	4	229	7	224	4.01e-07	57.0
WP_182079023.1	rhj:HZY79_11435	30.6	98	68	0	102	199	310	407	3.36e-06	53.1
WP_182079024.1	mgz:GCW_01595	92.2	398	31	0	1	398	1	398	1.48e-272	745
WP_182079026.1	rvi:RVIR1_05940	22.1	317	223	8	143	447	118	422	1.77e-09	66.6
WP_182079028.1	mgf:MGF_4048	91.5	328	28	0	1	328	1	328	9.43e-216	596
WP_182079030.1	lagg:B0E33_10030	33.8	204	129	3	26	226	16	216	1.03e-19	96.3
WP_182079034.1	mgn:HFMG06NCA_2167	92.5	415	31	0	1	415	1	415	1.98e-281	769
WP_182079035.1	mgz:GCW_01650	91.0	409	37	0	1	409	1	409	1.55e-275	754
WP_182079038.1	mgz:GCW_01695	95.5	359	16	0	1	359	1	359	3.89e-246	675
WP_182079039.1	mgz:GCW_01700	95.2	210	10	0	1	210	2	211	7.44e-147	412
WP_182079053.1	mgf:MGF_3868	94.6	333	18	0	1	333	1	333	5.55e-203	564
WP_182079054.1	mgf:MGF_3862	92.5	413	31	0	1	413	1	413	1.58e-270	741
WP_182079057.1	bhu:bhn_I1964	53.5	43	20	0	23	65	5	47	6.21e-05	45.1
WP_182079065.1	mdv:C5Q96_00430	37.3	169	100	3	37	205	43	205	2.79e-25	108
WP_182079066.1	aaxa:NCTC10138_01451	38.1	160	94	2	3	162	487	641	2.17e-28	115
WP_182079067.1	mgn:HFMG06NCA_2369	95.4	897	41	0	1	897	1	897	0.0	1753
WP_182079068.1	att:AMQ28_04060	28.4	102	65	3	2	96	426	526	3.34e-04	46.2
WP_182079074.1	mga:MGA_1220	88.6	403	46	0	1	403	1	403	2.23e-265	728
WP_182079075.1	ptc:phytr_6510	31.3	319	195	7	5	310	4	311	5.54e-39	145
WP_182079077.1	upa:UPA3_0021	31.3	243	137	12	19	242	22	253	6.98e-18	86.7
WP_182079084.1	mgf:MGF_3454	88.3	581	68	0	1	581	1	581	0.0	1011
WP_182079088.1	mgf:MGF_3409	91.1	338	30	0	1	338	1	338	1.55e-230	634
WP_182079089.1	mgf:MGF_3399	92.4	804	61	0	1	804	1	804	0.0	1474
WP_182079091.1	pth:PTH_0951	26.1	222	142	5	360	570	16	226	5.57e-12	75.1
WP_182079102.1	msy:MS53_0536	84.8	178	27	0	1	178	1	178	3.34e-109	314
WP_182079103.1	mgn:HFMG06NCA_2823	89.6	394	41	0	48	441	13	406	9.40e-257	707
WP_182079105.1	mga:MGA_1310	84.6	182	28	0	1	182	1	182	5.01e-93	273
WP_228444759.1	mdv:C5Q96_04335	87.0	378	49	0	9	386	2	379	5.30e-247	679
WP_228444764.1	esg:EsVE80_06930	90.3	331	32	0	12	342	1	331	1.18e-225	622
WP_228444766.1	mgz:GCW_02795	93.0	328	23	0	1	328	1	328	1.41e-221	610
WP_228444778.1	mgz:GCW_03295	90.1	543	54	0	1	543	7	549	0.0	1031
WP_228444783.1	mgn:HFMG06NCA_4885	92.6	189	14	0	1	189	7	195	2.36e-118	338
WP_228444785.1	mga:MGA_0508	92.8	665	48	0	1	665	12	676	0.0	1178
WP_228444786.1	mgz:GCW_03745	84.1	302	48	0	1	302	1	302	5.12e-194	539
WP_228444789.1	mga:MGA_0604	90.8	448	41	0	1	448	6	453	2.98e-294	805
WP_228444790.1	mgf:MGF_0062	81.7	241	44	0	1	241	21	261	1.94e-139	396
WP_228444791.1	lagg:B0E33_10030	26.4	231	159	5	266	494	6	227	2.92e-15	85.1
WP_228444793.1	anm:GFC28_2947	30.8	107	70	1	75	181	102	204	1.60e-09	60.5
WP_228444799.1	bce:BC4378	29.5	139	91	2	4	135	19	157	3.86e-09	59.7
WP_228444802.1	mga:MGA_0925	93.6	560	36	0	1	560	14	573	0.0	1062
WP_228444806.1	mgf:MGF_4290	89.5	219	23	0	1	219	14	232	7.29e-127	362
WP_228444818.1	mro:MROS_1906	35.6	225	136	5	13	233	215	434	1.32e-27	123
WP_228444827.1	mga:MGA_0701	93.1	144	10	0	1	144	173	316	3.22e-94	280
WP_267128819.1	dat:HRM2_10850	33.5	173	105	5	595	759	293	463	6.48e-14	81.6
WP_267128821.1	mgf:MGF_1611	87.6	249	31	0	1	249	4	252	1.31e-153	432
WP_267128823.1	mgz:GCW_03420	93.9	473	29	0	1	473	1	473	0.0	868
WP_267128824.1	smue:SMTETUND_113	27.4	219	131	9	41	253	164	360	1.06e-05	52.4
WP_267128831.1	mgz:GCW_00885	91.6	570	46	1	1	568	4	573	0.0	1040
WP_267128835.1	aai:AARI_04680	26.0	123	90	1	208	330	118	239	7.17e-10	67.0
WP_267128836.1	syf:Synpcc7942_2454	27.9	276	172	6	79	333	150	419	7.48e-16	84.0
WP_267128837.1	mgf:MGF_1585	93.7	221	14	0	1	221	3	223	6.99e-144	405
WP_267128838.1	pth:PTH_0951	30.9	246	151	8	30	269	15	247	2.18e-25	110
