WP_216488221.1	lsg:lse_1004	39.2	74	42	2	71	144	63	133	2.83e-06	51.6
WP_216488226.1	apr:Apre_0330	33.3	144	95	1	4	147	3	145	7.93e-20	90.1
WP_216488361.1	amic:Ami3637_09000	26.4	284	180	11	4	264	8	285	1.50e-10	66.2
WP_216488515.1	mho:MHO_3680	75.9	170	41	0	5	174	2	171	3.78e-85	253
WP_216488527.1	mcou:NCTC10179_00091	72.7	55	15	0	1	55	1	55	1.26e-19	86.7
WP_216488728.1	echg:FY206_05140	30.6	288	176	8	38	323	587	852	8.31e-29	122
WP_216488868.1	mclo:DK849_00370	80.3	238	47	0	2	239	1	238	1.54e-133	380
WP_216489157.1	aarg:Aargi30884_10540	33.7	86	57	0	13	98	24	109	1.25e-04	45.8
WP_216489291.1	marg:MARG145_0168	53.0	328	152	2	1	327	1	327	3.26e-114	340
WP_216535683.1	mane:DP065_00575	74.1	216	56	0	1	216	1	216	5.07e-109	317
WP_216535855.1	mcom:NCTC10178_00242	69.1	233	72	0	1	233	10	242	3.32e-108	316
WP_262288915.1	eat:EAT1b_2867	32.3	130	73	5	53	182	42	156	1.75e-08	58.9
WP_262288916.1	mphc:DMC14_002695	41.8	182	104	1	1	180	1	182	1.31e-46	155
WP_262288917.1	mphc:DMC14_001040	40.0	230	123	6	1	219	1	226	4.56e-39	139
WP_262288918.1	mpu:MYPU_1310	33.1	441	273	7	4	439	3	426	8.72e-61	209
WP_262288924.1	mane:DP065_00810	58.3	187	77	1	1	186	1	187	4.99e-75	228
WP_262288927.1	mcac:MCCP01_0997	29.9	204	130	6	254	453	14	208	7.51e-20	94.4
WP_262288928.1	mclo:DK849_02385	53.9	243	105	4	2	239	10	250	4.80e-84	256
WP_262288934.1	mcom:NCTC10178_00244	72.6	328	90	0	1	328	1	328	6.19e-169	478
WP_262288935.1	mcom:NCTC10178_00245	66.8	365	119	2	1	363	1	365	2.96e-165	471
WP_262288936.1	mcom:NCTC10178_00246	77.7	323	71	1	3	325	4	325	3.94e-176	495
WP_262288937.1	mcom:NCTC10178_00247	67.8	395	123	4	1	393	1	393	8.99e-187	528
WP_262288938.1	mat:MARTH_orf715	60.8	189	74	0	4	192	5	193	1.02e-77	236
WP_262288940.1	aba:Acid345_2395	27.3	278	176	6	12	266	9	283	1.29e-20	98.6
WP_262288941.1	mcan:MCAN360_0231	69.2	279	85	1	1	278	1	279	2.55e-136	391
WP_262288942.1	cgrn:4412665_01849	35.4	82	43	2	24	95	246	327	5.96e-08	55.5
WP_262288947.1	lagg:B0E33_10030	27.8	198	137	2	22	218	25	217	2.01e-12	76.3
WP_262288954.1	myt:MYE_00075	43.0	135	67	2	1	126	1	134	2.22e-23	98.6
WP_262288958.1	mcom:NCTC10178_00305	62.2	323	120	1	1	321	1	323	1.66e-138	400
WP_262288970.1	mhr:MHR_0514	52.2	473	216	3	2	473	163	626	1.10e-170	499
WP_262288973.1	gpa:GPA_27650	24.9	413	221	18	66	399	106	508	3.06e-11	73.9
WP_262288979.1	mclo:DK849_02405	71.5	608	172	1	1	608	1	607	2.43e-317	877
WP_262288980.1	noa:BKM31_10935	25.8	283	161	8	116	351	7	287	8.22e-10	68.2
WP_262288992.1	mat:MARTH_orf003	43.3	374	203	2	1	374	1	365	3.93e-101	308
WP_262288997.1	cew:EKH84_17890	29.5	278	172	7	9	278	11	272	1.06e-26	110
WP_262288998.1	fba:FIC_01186	26.6	628	358	14	57	684	259	783	9.68e-42	171
WP_262288999.1	lagg:B0E33_10030	25.1	207	140	5	384	583	21	219	8.87e-09	65.1
WP_262289000.1	kal:KALB_1452	24.7	219	147	5	382	593	342	549	1.25e-12	77.0
WP_262289001.1	mat:MARTH_orf683	26.0	516	362	11	7	510	7	514	1.24e-42	165
WP_262289005.1	marg:MARG145_0458	43.0	314	164	6	1	299	1	314	2.64e-64	210
WP_262289006.1	mat:MARTH_orf732	49.6	1452	690	20	2	1430	6	1438	0.0	1310
WP_262289008.1	lagg:B0E33_10030	34.0	212	132	4	20	227	9	216	1.52e-24	110
WP_262289009.1	gao:A2G06_08380	34.1	320	185	10	13	313	7	319	5.67e-34	137
WP_262289020.1	mcan:MCAN360_0240	66.5	325	108	1	1	324	1	325	3.92e-155	442
WP_262289021.1	mphc:DMC14_002610	72.0	328	92	0	1	328	2	329	8.25e-171	482
WP_262289022.1	fte:Fluta_4034	40.0	95	56	1	1	95	186	279	1.02e-11	73.6
WP_262289023.1	mhh:MYM_0100	53.5	327	150	2	1	327	1	325	3.01e-115	341
WP_262289024.1	mal:MAGa0650	27.5	218	144	6	7	210	5	222	2.41e-11	68.2
WP_262289027.1	mho:MHO_0890	67.8	456	144	1	1	453	1	456	7.78e-211	594
WP_262289031.1	lgo:JCM16774_1556	27.1	133	78	5	44	166	30	153	2.05e-05	52.0
WP_262289035.1	lsg:lse_0182	31.5	289	168	13	56	334	49	317	1.98e-24	111
WP_262289037.1	mhyv:MHSN_00510	47.6	288	146	4	5	291	6	289	8.59e-86	263
WP_262289038.1	thu:AC731_011185	32.4	176	109	4	3	170	459	632	9.18e-22	97.4
WP_262289040.1	marg:MARG145_0536	66.5	421	141	0	1	421	3	423	3.80e-195	551
WP_262289042.1	mani:DP067_03305	76.5	289	68	0	1	289	1	289	1.07e-162	458
WP_262289043.1	msy:MS53_0397	60.0	155	60	2	1	153	1	155	4.42e-60	188
WP_262289046.1	mane:DP065_01820	67.4	448	145	1	1	447	1	448	3.71e-212	597
WP_262289052.1	mcan:MCAN360_0519	50.8	297	141	3	14	307	16	310	1.45e-101	305
WP_262289056.1	mpul:BLA55_01335	57.7	452	178	5	1	439	1	452	4.89e-168	484
WP_262289057.1	mif:Metin_1239	33.6	116	67	3	263	377	26	132	1.96e-06	54.3
WP_262289058.1	upr:UP3_c0081	29.6	247	131	14	59	283	904	1129	1.52e-05	53.9
WP_262289062.1	mhj:MHJ_0591	34.2	117	76	1	1	117	1	116	1.52e-13	67.4
WP_262289063.1	mal:MAGa5300	54.5	244	110	1	1	244	1	243	3.16e-90	271
WP_262289064.1	mcd:MCRO_0383	70.9	327	94	1	2	328	3	328	1.02e-166	472
WP_262289065.1	mane:DP065_01860	75.3	575	142	0	7	581	5	579	0.0	882
WP_262289067.1	mpho:DA803_01850	64.5	330	117	0	1	330	1	330	2.08e-147	423
WP_262289071.1	rhj:HZY79_12550	36.8	185	107	5	6	180	353	537	3.43e-19	92.4
WP_262289073.1	mane:DP065_01160	53.0	453	209	4	1	453	1	449	6.41e-170	490
WP_262289077.1	hhw:NCTC503_00145	49.3	134	63	3	4	135	4	134	3.97e-35	124
WP_262289080.1	dal:Dalk_2742	31.3	198	126	5	35	222	329	526	5.96e-16	82.0
WP_262289081.1	mat:MARTH_orf740	52.5	324	152	2	2	323	3	326	2.37e-107	322
WP_262289084.1	pth:PTH_0951	27.1	218	147	5	10	221	14	225	2.53e-18	89.4
WP_262289085.1	mphc:DMC14_002495	69.0	313	97	0	6	318	5	317	9.12e-151	431
WP_262289087.1	marg:MARG145_0602	72.1	498	139	0	2	499	4	501	4.29e-261	725
WP_262289089.1	pth:PTH_0951	33.0	221	135	7	60	275	9	221	8.62e-20	95.1
WP_262289090.1	sphh:SDAV_002170	36.1	144	90	2	17	159	221	363	9.97e-25	103
WP_262289097.1	mani:DP067_03290	77.0	726	166	1	1	725	1	726	0.0	1126
WP_262289098.1	pzi:CWO85_01355	28.0	132	84	3	17	148	5	125	1.11e-04	47.0
WP_262289099.1	mani:DP067_03300	89.9	337	34	0	1	337	1	337	7.59e-226	622
WP_262289100.1	mbv:MBOVPG45_0069	33.2	262	167	6	1	257	1	259	1.35e-34	130
WP_262289111.1	mbc:MYB_02065	38.4	151	82	5	2	151	15	155	1.20e-15	78.6
WP_262289112.1	mhr:MHR_0033	60.3	257	98	3	1	254	135	390	8.82e-94	286
WP_262289113.1	pth:PTH_0951	27.1	214	144	3	19	231	20	222	1.17e-17	87.8
WP_262289115.1	mpho:DA803_01870	76.5	310	72	1	2	311	4	312	1.87e-172	485
WP_262289116.1	aaxa:NCTC10138_01451	45.4	174	88	4	2	173	489	657	4.68e-39	145
WP_262289118.1	hjo:AY555_03745	34.8	89	52	2	123	208	219	304	5.31e-04	47.4
WP_262289123.1	mane:DP065_00270	70.3	454	132	3	3	455	4	455	1.35e-238	664
WP_262289126.1	mans:FRW55_02295	38.8	260	154	4	1	257	1	258	6.48e-53	177
WP_262289128.1	mamo:A6B35_32655	32.2	270	164	7	86	340	117	382	2.99e-32	129
WP_262289129.1	mck:AXW82_00130	25.7	187	123	5	159	333	226	408	1.30e-04	50.4
WP_262289134.1	mbj:KQ51_00154	31.4	159	81	2	64	217	48	183	3.98e-15	76.6
WP_262289135.1	nba:CUN60_11540	43.5	62	34	1	6	67	230	290	3.99e-04	48.1
WP_262289137.1	mhom:MLBD4_00945	52.4	225	107	0	2	226	3	227	8.75e-77	236
WP_262289138.1	hals:D7D81_02695	34.1	270	147	9	90	342	127	382	3.37e-23	107
WP_262289139.1	mso:VY93_03560	62.7	327	122	0	9	335	4	330	4.67e-141	407
WP_262289142.1	mmo:MMOB4790	59.4	101	39	2	1	101	4	102	1.77e-32	114
WP_262289143.1	mpul:BLA55_02715	47.3	243	125	2	5	244	6	248	8.88e-67	213
WP_262289147.1	mho:MHO_0430	52.5	99	45	1	1	97	1	99	8.15e-24	92.0
WP_262289148.1	mhyv:MHSN_03000	59.1	438	178	1	1	437	1	438	5.11e-177	507
WP_262289149.1	marg:MARG145_0358	58.5	458	187	1	4	461	3	457	2.84e-177	510
WP_262289153.1	mbov:MBVG596_0927	69.3	378	111	3	7	382	2	376	5.84e-185	523
WP_262289155.1	mcm:MCAL160_0806	75.6	409	100	0	1	409	1	409	2.37e-231	642
WP_262289158.1	marg:MARG145_0004	72.9	225	60	1	1	224	1	225	1.84e-115	333
WP_262289159.1	marg:MARG145_0083	66.9	175	57	1	3	176	6	180	8.97e-81	242
WP_262289160.1	mpho:DA803_01075	72.8	217	59	0	1	217	1	217	3.13e-112	325
WP_262289161.1	haxi:HAALTHF_04080n	42.0	150	83	2	6	151	492	641	1.02e-19	90.5
WP_262289165.1	mane:DP065_03060	65.1	885	305	4	4	887	2	883	0.0	1120
WP_262289166.1	mho:MHO_1300	73.0	367	99	0	3	369	4	370	1.19e-200	561
WP_262289167.1	bhu:bhn_I1964	51.1	45	22	0	7	51	4	48	1.32e-04	43.1
WP_262289168.1	mane:DP065_00370	44.3	287	158	2	5	289	5	291	7.22e-71	226
WP_262289170.1	fmo:C4N19_11830	34.3	70	37	2	10	72	536	603	7.88e-04	41.6
WP_262289173.1	rum:CK1_05510	24.3	144	109	0	87	230	2	145	1.23e-08	60.8
WP_262289174.1	srub:C2R22_24555	31.3	134	84	3	397	526	112	241	7.01e-04	49.3
WP_262289175.1	mane:DP065_00580	74.4	207	53	0	1	207	1	207	3.13e-108	314
WP_262289176.1	marg:MARG145_0381	63.7	430	156	0	1	430	1	430	1.16e-195	553
WP_262289177.1	mane:DP065_00565	65.3	239	80	2	1	237	1	238	4.55e-106	311
WP_262289178.1	metf:CFE53_06575	31.9	163	104	5	3	165	2	157	4.65e-09	60.5
WP_262289179.1	mhyv:MHSN_02380	30.7	303	195	6	4	294	3	302	5.37e-26	109
WP_262289180.1	mane:DP065_00880	59.1	208	85	0	2	209	4	211	7.81e-83	250
WP_262289182.1	aaxa:NCTC10138_00417	36.8	87	50	2	6	92	557	638	1.41e-06	50.4
WP_262289183.1	mpho:DA803_01560	39.9	730	339	17	6	726	7	645	6.24e-144	441
WP_262289184.1	mhom:MLBD4_02985	69.6	335	99	3	1	334	1	333	9.64e-161	457
WP_262289187.1	mpu:MYPU_7210	46.6	161	86	0	1	161	1	161	4.96e-45	151
WP_262289188.1	mane:DP065_02115	47.5	295	151	2	1	291	2	296	4.37e-88	270
WP_262289189.1	mclo:DK849_00055	44.4	997	533	14	1	984	1	989	7.67e-262	765
WP_262289190.1	mphc:DMC14_000190	61.2	376	145	1	2	376	4	379	5.23e-154	444
WP_262289195.1	pth:PTH_0951	32.8	247	164	2	2	247	9	254	1.74e-38	147
WP_262289196.1	kal:KALB_1452	31.7	265	146	4	3	267	326	555	1.14e-33	135
WP_262289198.1	mat:MARTH_orf373	56.6	659	284	2	8	665	6	663	1.74e-253	719
WP_262289199.1	mck:AXW82_00800	43.1	204	101	6	3	202	7	199	4.13e-39	138
WP_262289203.1	mane:DP065_00325	34.5	322	200	5	1	313	1	320	4.23e-39	145
WP_262289204.1	marg:MARG145_0096	33.6	512	315	7	1	502	3	499	6.21e-82	268
WP_262289206.1	kpf:IX53_00200	33.3	312	187	9	42	350	39	332	3.15e-35	137
WP_262289211.1	mho:MHO_2630	59.3	408	165	1	2	408	3	410	4.82e-172	492
WP_262289215.1	mane:DP065_03200	72.1	1420	387	6	6	1418	3	1420	0.0	1998
WP_262289216.1	mane:DP065_03195	73.6	1174	301	5	8	1181	7	1171	0.0	1706
WP_262289222.1	salt:AO058_14310	28.7	261	138	10	8	223	12	269	5.80e-10	67.4
WP_262289223.1	mane:DP065_02900	68.2	314	99	1	1	314	1	313	1.08e-149	427
WP_262289224.1	mane:DP065_02905	51.7	715	340	3	1	712	1	713	4.88e-246	704
WP_262289229.1	mpu:MYPU_6660	58.4	531	220	1	3	533	8	537	4.11e-218	619
WP_262289230.1	mphc:DMC14_001145	68.6	883	273	3	4	883	7	888	0.0	1261
WP_262289237.1	mpho:DA803_02405	62.6	516	191	1	1	514	1	516	1.05e-226	639
WP_262289238.1	fnu:FN0907	32.2	205	125	3	17	219	16	208	1.41e-23	100
WP_262289242.1	aai:AARI_04680	21.3	272	137	3	37	298	30	234	5.58e-11	70.5
WP_262289243.1	uue:UUR10_0021	24.3	259	184	6	13	263	18	272	7.61e-14	75.5
WP_262289253.1	mat:MARTH_orf393	62.1	565	198	5	1	558	1	556	4.15e-241	679
WP_262289254.1	marg:MARG145_0057	56.7	420	179	2	1	419	1	418	2.93e-155	450
WP_262289256.1	bhp:BHAMNSH16_08165	26.3	304	183	10	2	279	10	298	5.51e-11	69.3
WP_262289258.1	mpul:BLA55_02800	72.8	787	213	1	1	786	1	787	0.0	1199
WP_262289272.1	rum:CK1_05510	29.9	137	95	1	91	227	12	147	2.10e-10	65.9
WP_262289273.1	mane:DP065_00440	53.3	244	99	3	20	257	20	254	2.89e-75	234
WP_262289289.1	mane:DP065_02325	75.0	488	122	0	1	488	1	488	3.95e-261	724
WP_262289295.1	pth:PTH_0951	26.1	218	139	2	14	218	18	226	4.94e-17	85.5
WP_262289300.1	mclo:DK849_00940	57.5	838	350	4	1	833	1	837	0.0	958
WP_262289303.1	mboh:CO229_01180	56.9	130	56	0	1	130	1	130	5.80e-49	158
WP_262289304.1	fpa:FPR_29210	23.7	228	148	6	2	223	5	212	5.87e-05	52.4
WP_262289309.1	bph:Bphy_6284	24.7	215	146	5	1	206	155	362	1.03e-07	58.2
WP_262289310.1	mclo:DK849_01330	50.7	211	102	1	9	217	21	231	5.49e-67	211
WP_262289315.1	mho:MHO_1260	49.7	332	166	1	1	331	1	332	1.35e-116	347
WP_262289318.1	mho:MHO_1230	51.8	390	182	3	1	385	1	389	5.33e-138	404
WP_262289325.1	mcy:MCYN_0406	43.3	240	131	3	1	236	1	239	1.70e-57	188
WP_262289327.1	aai:AARI_04680	30.2	116	81	0	629	744	123	238	2.14e-10	70.9
WP_262289328.1	pth:PTH_0951	25.4	252	162	8	24	272	7	235	6.34e-12	73.2
WP_262289330.1	syf:Synpcc7942_2454	22.7	282	201	4	51	323	146	419	3.19e-08	61.2
WP_262289332.1	mcan:MCAN360_0377	60.3	174	65	1	2	175	7	176	4.00e-73	223
WP_262289333.1	mphc:DMC14_002875	57.2	304	129	1	2	305	3	305	3.44e-120	352
WP_262289335.1	kal:KALB_1452	30.7	231	136	6	24	249	326	537	2.93e-17	87.8
WP_262289337.1	trd:THERU_02775	28.4	359	234	9	1	344	1	351	9.42e-31	129
WP_262289338.1	mclo:DK849_02635	84.8	309	47	0	1	309	1	309	7.04e-188	524
WP_262289339.1	mat:MARTH_orf129	80.1	347	69	0	1	347	1	347	1.73e-204	569
WP_262289341.1	mphc:DMC14_001355	79.0	409	83	2	1	406	1	409	1.72e-237	657
WP_262289342.1	mhn:MHP168_014	35.1	77	47	2	4	80	2	75	1.42e-05	47.0
WP_262289345.1	rha:RHA1_ro09085	24.9	329	217	10	36	347	35	350	1.41e-10	68.2
WP_262289346.1	rha:RHA1_ro09085	21.8	325	232	6	36	347	35	350	6.41e-10	66.2
WP_262289347.1	mhom:MLBD4_02770	71.7	413	117	0	1	413	1	413	1.67e-212	595
WP_262289348.1	mpho:DA803_01365	45.1	284	145	5	1	274	1	283	7.14e-73	230
WP_262289349.1	vhl:BME96_13595	31.6	256	142	9	1	253	4	229	4.64e-19	89.4
WP_262289350.1	sbr:SY1_23010	26.4	174	126	2	28	200	32	204	7.69e-10	65.5
WP_262289357.1	mcou:NCTC10179_00512	38.9	270	151	7	4	263	3	268	8.86e-38	139
WP_262289358.1	psim:KR76_26690	39.5	76	46	0	22	97	25	100	5.33e-13	65.1
WP_262289359.1	mbov:MBVG596_0819	62.4	479	178	2	1	479	6	482	2.21e-225	633
WP_262289360.1	dor:Desor_4331	37.3	83	52	0	15	97	433	515	2.04e-10	62.0
WP_262289361.1	mpu:MYPU_7130	52.8	305	144	0	1	305	1	305	3.64e-115	339
WP_262289363.1	psuu:Psuf_007680	59.4	160	65	0	4	163	387	546	5.16e-53	201
WP_262289367.1	mbc:MYB_00825	27.6	199	133	5	1	196	1	191	1.62e-07	56.2
WP_262289371.1	nio:NITINOP_1277	34.7	147	83	3	8	141	16	162	3.12e-12	76.3
WP_262289374.1	dsf:UWK_00711	28.4	197	108	7	75	270	1	165	1.24e-05	52.8
WP_262289376.1	mclo:DK849_00500	54.3	449	199	3	5	451	8	452	1.38e-158	462
WP_262289377.1	mclo:DK849_00510	78.1	398	85	2	1	397	1	397	2.26e-232	644
WP_262289378.1	sgq:SGLAD_v1c01520	26.6	271	187	5	8	272	10	274	4.51e-20	93.2
WP_262289379.1	aai:AARI_04680	24.2	153	112	2	248	397	106	257	9.81e-09	63.9
WP_262289380.1	pth:PTH_0951	28.5	228	143	6	143	368	25	234	3.38e-15	84.7
WP_262289386.1	nbv:T478_1277	31.1	119	76	2	134	251	89	202	2.65e-07	59.3
WP_262289389.1	mclo:DK849_02620	60.0	403	154	4	1	402	1	397	1.23e-162	467
WP_262289392.1	mcy:MCYN_0820	59.9	454	178	2	3	452	11	464	2.40e-182	522
WP_262289393.1	mphc:DMC14_001140	64.0	806	282	5	1	803	1	801	0.0	1055
WP_262289402.1	marg:MARG145_0747	62.6	326	122	0	1	326	1	326	4.09e-141	407
WP_262289404.1	mphc:DMC14_002705	60.0	280	110	1	2	279	5	284	2.45e-108	320
WP_262289405.1	daa:AKL17_1428	36.5	167	102	3	50	213	392	557	8.15e-23	101
WP_262289406.1	mat:MARTH_orf813	52.2	450	205	9	5	451	4	446	1.01e-133	398
WP_262289407.1	mbov:MBVG596_0603	55.2	420	186	2	20	438	36	454	3.32e-147	432
WP_262289410.1	mclo:DK849_00095	49.1	216	108	2	2	217	4	217	6.33e-56	182
WP_262289411.1	cfm:BJL90_12025	25.4	350	209	10	4	315	21	356	1.75e-17	92.4
WP_262289414.1	mcd:MCRO_0092	48.9	178	88	2	1	175	1	178	2.30e-51	167
WP_262289418.1	mcas:AAW50_02160	60.1	388	150	5	2	385	1	387	9.76e-155	447
WP_262289422.1	acit:HPK19_22730	27.3	319	195	12	342	647	10	304	9.46e-11	69.7
WP_262289427.1	mgb:VO56_00175	63.1	141	52	0	8	148	3	143	1.04e-55	176
WP_262289429.1	dex:HWD60_13890	25.2	254	184	5	1	250	1	252	2.04e-16	84.7
WP_262289434.1	hol:HORIV_58920	43.1	109	61	1	13	120	425	533	4.88e-20	99.0
WP_262289436.1	csr:Cspa_c58370	38.1	126	77	1	5	130	228	352	1.33e-16	85.5
WP_262289442.1	mmo:MMOB4560	38.4	451	266	5	62	506	56	500	3.35e-97	308
WP_262289448.1	mclo:DK849_00105	72.9	461	125	0	1	461	1	461	4.04e-248	689
WP_262289450.1	mpho:DA803_00315	66.2	538	177	5	4	537	5	541	4.08e-248	695
WP_262289451.1	mane:DP065_01065	52.5	400	190	0	1	400	1	400	2.32e-148	431
WP_262289457.1	mpu:MYPU_1770	35.3	167	107	1	17	182	11	177	3.35e-30	121
WP_262289459.1	mdv:C5Q96_00430	40.3	176	104	1	29	203	39	214	1.98e-30	122
