WP_187149618.1	suli:C1J05_04215	33.0	106	68	1	3	108	183	285	2.42e-15	75.1
WP_187149758.1	mhe:MHC_02825	31.7	205	122	6	17	216	10	201	9.84e-23	96.7
WP_187149800.1	mhe:MHC_02825	26.6	218	140	9	1	211	1	205	4.89e-07	54.3
WP_187149831.1	mhe:MHC_02825	29.6	186	108	6	33	210	31	201	2.31e-15	77.0
WP_187149834.1	mhe:MHC_02825	31.9	160	87	7	61	213	57	201	1.76e-12	69.3
WP_187149897.1	mhe:MHC_02825	29.1	110	64	2	18	126	17	113	7.11e-06	48.9
WP_187149904.1	mha:HF1_12520	34.2	155	86	8	1	143	1	151	3.00e-08	57.0
WP_187149921.1	mhe:MHC_02825	29.3	188	115	5	51	234	31	204	7.70e-16	79.0
WP_187149922.1	mhe:MHC_02825	32.6	190	102	8	50	232	34	204	1.96e-12	69.7
WP_187149923.1	mha:HF1_12520	27.6	134	85	3	10	132	15	147	9.15e-04	44.3
WP_187149925.1	mhf:MHF_1331	30.1	146	95	4	2	142	4	147	7.27e-08	55.8
WP_187149926.1	mhe:MHC_02825	29.4	187	103	7	34	209	35	203	3.25e-11	65.9
WP_187149929.1	mhe:MHC_02825	24.4	225	137	10	1	213	1	204	2.11e-05	49.7
WP_187149930.1	mhe:MHC_02825	27.5	193	107	7	33	215	35	204	1.79e-06	52.8
WP_187149934.1	mhe:MHC_02825	26.4	235	116	8	11	226	8	204	1.46e-09	61.6
WP_187149938.1	mhe:MHC_02825	30.8	169	97	6	64	227	50	203	1.03e-08	59.3
WP_187149945.1	fpr:FP2_02770	28.4	222	147	3	266	477	22	241	4.67e-18	93.6
WP_187149946.1	fpr:FP2_02770	27.4	223	162	0	242	464	21	243	4.67e-22	105
WP_187149950.1	mha:HF1_02380	74.1	410	100	2	1	406	1	408	3.79e-215	601
WP_187149951.1	mhf:MHF_0276	84.2	335	52	1	1	335	1	334	1.41e-206	573
WP_187149952.1	mhf:MHF_0276	83.7	337	52	1	1	337	1	334	7.21e-205	569
WP_187149955.1	cuj:CUL131002_1183c	33.0	88	56	1	36	120	475	562	4.21e-04	44.7
WP_187149964.1	mha:HF1_02250	51.9	235	113	0	1	235	1	235	1.38e-72	226
WP_187149966.1	mha:HF1_02250	40.0	135	81	0	1	135	101	235	1.58e-22	94.0
WP_187149967.1	plan:A1s21148_06125	48.7	39	20	0	5	43	1	39	2.00e-05	44.7
WP_187149968.1	mhe:MHC_00950	52.2	232	111	0	5	236	4	235	1.16e-76	236
WP_187149969.1	lhh:LBH_1581	25.2	111	81	2	1	110	1	110	4.64e-04	44.7
WP_187149970.1	mtab:MTABA_v1c05590	26.3	251	169	7	4	245	2	245	3.66e-11	68.2
WP_187149971.1	mhe:MHC_00935	68.3	183	58	0	5	187	22	204	6.07e-80	241
WP_187149972.1	mhe:MHC_00930	62.7	855	298	9	1	839	16	865	0.0	1051
WP_187149974.1	mha:HF1_02190	65.7	350	118	1	1	348	1	350	4.52e-166	472
WP_187149982.1	mha:HF1_14180	66.2	713	230	5	1	705	1	710	0.0	954
WP_187149983.1	mha:HF1_14190	65.9	555	186	1	6	557	2	556	2.64e-272	758
WP_187150004.1	mha:HF1_14220	74.7	79	18	2	9	87	243	319	1.44e-30	116
WP_187150030.1	mhe:MHC_00465	63.1	160	47	3	5	154	10	167	1.12e-59	187
WP_187150032.1	mha:HF1_00930	70.3	481	143	0	1	481	1	481	1.95e-251	699
WP_187150033.1	mhe:MHC_00450	65.7	385	130	1	1	383	1	385	2.05e-176	502
WP_187150034.1	dat:HRM2_08670	34.6	569	352	10	6	564	753	1311	6.80e-82	285
WP_187150038.1	mhf:MHF_0098	36.4	511	295	9	5	504	4	495	9.13e-97	306
WP_187150040.1	mha:HF1_00840	57.8	829	331	3	5	814	7	835	0.0	949
WP_187150041.1	mha:HF1_00820	64.2	657	231	3	1	655	1	655	1.38e-308	858
WP_187150042.1	mhf:MHF_0091	67.5	443	141	1	1	440	1	443	2.78e-218	612
WP_187150043.1	ayw:AYWB_025	38.3	94	58	0	25	118	31	124	1.56e-10	62.8
WP_187150044.1	mha:HF1_00780	84.7	327	50	0	1	327	1	327	1.09e-197	550
WP_187150048.1	slac:SKTS_14590	31.5	149	101	1	2	150	412	559	3.20e-17	84.7
WP_187150049.1	mhe:MHC_00355	59.8	264	106	0	4	267	6	269	1.10e-110	325
WP_187150050.1	mhe:MHC_00350	58.0	926	380	5	1	918	1	925	0.0	1076
WP_187150051.1	mha:HF1_00700	61.9	485	162	5	3	476	8	480	1.17e-209	593
WP_187150053.1	mhf:MHF_0078	51.1	552	246	4	1	529	1	551	3.67e-191	551
WP_187150057.1	mhe:MHC_00305	80.5	307	60	0	1	307	1	307	2.09e-175	492
WP_187150063.1	mov:OVS_03155	76.8	362	83	1	1	362	1	361	1.91e-206	575
WP_187150067.1	mhe:MHC_05590	64.6	432	150	3	1	430	1	431	2.19e-188	535
WP_187150069.1	ndl:NASALF_160	29.2	192	109	8	12	195	120	292	1.62e-08	60.8
WP_187150070.1	pmob:HG718_01310	35.0	303	161	11	4	279	17	310	5.81e-36	144
WP_187150071.1	mhf:MHF_1570	50.7	432	203	6	1	423	1	431	1.36e-142	421
WP_187150072.1	mha:HF1_15020	48.0	531	266	1	1	531	1	521	1.12e-177	515
WP_187150073.1	mgz:GCW_03120	29.4	289	164	10	1	262	1	276	3.29e-25	106
WP_187150075.1	dsf:UWK_00711	26.7	210	125	6	5	210	2	186	2.53e-09	62.4
WP_187150077.1	pth:PTH_0951	29.1	237	126	7	306	538	24	222	1.35e-14	83.2
WP_187150078.1	lagg:B0E33_10030	29.3	205	130	4	154	351	21	217	7.36e-20	97.4
WP_187150080.1	mha:HF1_15100	42.7	646	348	10	1	627	1	643	7.04e-166	493
WP_187150081.1	mhe:MHC_05670	61.8	325	119	3	1	320	1	325	8.02e-138	398
WP_187150082.1	mhe:MHC_05675	47.5	373	188	4	1	369	2	370	2.31e-124	368
WP_187150091.1	aai:AARI_04680	25.2	322	130	4	24	337	12	230	4.32e-19	96.3
WP_187150095.1	mhf:MHF_1592	81.0	499	95	0	3	501	4	502	1.00e-303	833
WP_187150101.1	brk:CWS35_01960	31.1	254	140	6	8	227	26	278	3.93e-24	113
WP_187150103.1	mhe:MHC_05750	46.6	133	67	2	2	130	113	245	3.28e-29	111
WP_187150106.1	mhf:MHF_1601	71.1	336	94	1	1	333	1	336	1.61e-169	479
WP_187150107.1	mha:HF1_15310	60.8	533	200	5	7	531	7	538	5.90e-236	664
WP_187150108.1	amyb:BKN51_26095	34.6	81	53	0	3	83	140	220	1.81e-08	54.7
WP_187150110.1	mha:HF1_15340	65.7	207	71	0	1	207	1	207	1.14e-98	290
WP_187150112.1	mhe:MHC_05795	76.3	612	143	1	1	610	3	614	0.0	937
WP_187150115.1	mhe:MHC_05810	64.6	404	141	1	1	402	1	404	2.11e-185	525
WP_187150119.1	pph:Ppha_1365	28.3	106	71	2	9	114	26	126	2.93e-04	46.6
WP_187150124.1	mha:HF1_00020	57.9	382	155	4	1	382	1	376	1.98e-146	424
WP_187150126.1	pth:PTH_0951	26.2	202	144	4	90	286	24	225	5.38e-09	64.3
WP_187150131.1	mha:HF1_00080	55.4	186	72	1	2	176	6	191	2.34e-65	203
WP_187150132.1	mhf:MHF_0010	63.4	467	171	0	1	467	1	467	5.64e-219	615
WP_187150133.1	mha:HF1_00100	70.6	428	123	1	1	425	1	428	7.61e-223	622
WP_187150134.1	mhe:MHC_00055	63.7	520	185	3	1	518	1	518	2.81e-228	643
WP_187150135.1	mhe:MHC_00060	70.0	323	97	0	2	324	4	326	6.07e-165	467
WP_187150136.1	mhe:MHC_00065	57.0	407	168	2	2	401	6	412	9.58e-154	445
WP_187150145.1	mhf:MHF_0032	69.6	424	129	0	95	518	78	501	1.01e-226	639
WP_187150147.1	mhe:MHC_00135	51.7	211	98	1	4	214	7	213	4.26e-69	216
WP_187150150.1	mhf:MHF_0037	69.4	517	158	0	1	517	1	517	1.59e-275	763
WP_187150152.1	mha:HF1_00330	66.5	474	159	0	1	474	1	474	1.94e-222	625
WP_187150154.1	dat:HRM2_10850	27.1	207	141	6	23	221	308	512	5.21e-12	70.5
WP_187150155.1	mpu:MYPU_4830	60.6	325	127	1	6	329	9	333	2.90e-130	380
WP_187150156.1	mha:HF1_00390	64.9	185	65	0	1	185	1	185	4.39e-90	266
WP_187150159.1	fsy:FsymDg_1844	32.2	152	84	4	17	154	13	159	7.65e-08	61.6
WP_187150162.1	mhe:MHC_00225	90.0	289	29	0	1	289	1	289	1.52e-185	516
WP_187150166.1	mha:HF1_00500	57.3	510	217	1	5	513	3	512	3.05e-215	610
WP_187150167.1	mha:HF1_00510	68.9	318	93	3	1	313	1	317	4.12e-153	436
WP_187150168.1	mpe:MYPE1050	42.0	431	246	2	5	434	2	429	2.24e-112	342
WP_187150178.1	sure:SporoP32a_04780	28.9	149	84	5	49	194	15	144	5.83e-07	57.0
WP_187150179.1	mhe:MHC_00275	59.2	213	86	1	1	212	1	213	8.64e-78	238
WP_187150182.1	mha:HF1_14880	62.7	461	159	3	9	456	17	477	6.02e-199	565
WP_187150183.1	mha:HF1_14870	64.2	461	165	0	1	461	1	461	1.13e-215	607
WP_187150187.1	mha:HF1_14810	33.1	547	332	12	1	518	1	542	1.16e-77	259
WP_187150190.1	bme:BMEI1779	29.4	316	212	3	5	317	6	313	2.01e-31	125
WP_187150193.1	mhe:MHC_05480	86.2	465	64	0	1	465	1	465	1.52e-292	807
WP_187150194.1	mha:HF1_14730	66.0	332	113	0	1	332	1	332	9.43e-162	459
WP_187150195.1	mhf:MHF_1543	66.7	535	172	3	1	533	1	531	4.49e-251	702
WP_187150196.1	mha:HF1_14710	78.3	1368	297	0	5	1372	5	1372	0.0	2167
WP_187150197.1	mha:HF1_14700	84.1	1299	205	1	7	1304	3	1301	0.0	2199
WP_187150224.1	mha:HF1_14420	72.1	204	57	0	1	204	1	204	1.66e-102	299
WP_187150231.1	mhe:MHC_05285	77.9	326	71	1	1	326	1	325	8.90e-176	494
WP_187150234.1	haxi:HAALTHF_04080n	37.1	143	89	1	1	143	490	631	1.70e-16	81.3
WP_187150240.1	tdn:Suden_0158	26.5	185	94	5	99	244	31	212	6.19e-07	58.5
WP_187150243.1	cfm:BJL90_05530	30.4	171	107	4	165	331	229	391	2.79e-09	65.1
WP_187150290.1	mha:HF1_12520	33.3	99	60	2	35	130	50	145	1.65e-06	53.1
WP_187150331.1	mhe:MHC_02825	26.1	222	137	7	5	223	4	201	1.56e-11	67.0
WP_187150403.1	mhe:MHC_02825	33.1	166	95	5	34	191	34	191	5.45e-15	75.9
WP_187150407.1	mhe:MHC_02825	33.5	164	102	5	42	201	41	201	2.54e-22	95.1
WP_187150412.1	mhe:MHC_02825	33.3	174	107	6	51	221	34	201	1.86e-19	88.2
WP_187150414.1	mhe:MHC_02825	34.5	194	116	5	19	205	12	201	4.15e-21	92.0
WP_187150494.1	mhe:MHC_02650	70.3	428	122	2	1	423	1	428	3.58e-227	633
WP_187150499.1	mss:MSU_0397	80.1	317	63	0	5	321	10	326	6.94e-191	533
WP_187150504.1	tfa:BW733_11380	27.7	101	73	0	4	104	2	102	2.32e-11	61.2
WP_187150508.1	mha:HF1_06790	74.7	225	56	1	1	224	1	225	4.64e-117	338
WP_187150542.1	mpe:MYPE7970	37.5	264	161	3	12	275	4	263	3.43e-52	176
WP_187150545.1	mha:HF1_10880	64.8	426	147	2	1	424	1	425	1.05e-192	546
WP_187150546.1	aai:AARI_04680	30.9	220	130	7	50	263	22	225	2.25e-19	93.6
WP_187150585.1	mha:HF1_01350	39.2	288	151	7	1	265	1	287	1.13e-44	157
WP_187150586.1	mhe:MHC_00650	70.5	234	69	0	1	234	1	234	4.21e-117	338
WP_187150604.1	mhf:MHF_0136	57.2	803	313	11	1	776	1	799	7.45e-317	890
WP_187150607.1	mha:HF1_01130	60.7	557	215	4	1	553	1	557	1.50e-251	705
WP_187150612.1	mpe:MYPE6900	18.3	371	293	4	99	467	1	363	7.35e-11	70.1
WP_187150618.1	pth:PTH_0951	31.1	254	162	7	25	272	10	256	4.70e-27	116
WP_187150619.1	pth:PTH_0951	31.4	255	173	2	8	260	9	263	5.92e-31	127
WP_187150627.1	mhe:MHC_02825	27.9	215	131	9	10	215	6	205	3.96e-05	48.9
WP_187150628.1	mhf:MHF_1331	30.7	101	64	2	124	218	48	148	3.78e-09	59.3
WP_187150631.1	mhe:MHC_02825	26.8	168	110	6	47	211	46	203	6.32e-07	53.9
WP_187150638.1	mhf:MHF_1331	32.9	146	77	6	3	132	4	144	4.03e-09	57.0
WP_187150641.1	mhe:MHC_02825	25.5	208	139	10	7	208	6	203	5.29e-09	59.7
WP_187150645.1	mhe:MHC_02825	27.6	116	74	3	92	205	6	113	2.20e-04	46.6
WP_187150681.1	mha:HF1_12520	32.0	97	60	2	35	128	50	143	3.60e-07	55.1
WP_187150691.1	mhf:MHF_0935	39.4	71	33	4	49	112	133	200	9.79e-05	47.4
WP_222702663.1	mha:HF1_00800	84.4	700	109	0	1	700	1	700	0.0	1185
WP_222702667.1	mpe:MYPE7970	34.5	252	161	3	9	260	2	249	1.13e-47	164
WP_245633471.1	mha:HF1_11000	61.5	156	46	2	1	147	37	187	1.10e-52	170
WP_245633475.1	mhf:MHF_1492	56.4	413	173	4	3	415	1	406	1.80e-149	435
WP_245633476.1	mha:HF1_11240	61.1	352	136	1	10	361	3	353	1.99e-152	438
WP_245633477.1	mha:HF1_11250	59.7	590	211	8	13	582	17	599	2.59e-249	702
WP_245633479.1	mhf:MHF_0275	50.9	216	94	3	1	206	106	319	8.06e-76	236
WP_245633480.1	rob:CK5_02870	73.3	30	8	0	1	30	63	92	2.28e-07	49.7
WP_245633481.1	hor:Hore_23560	35.9	192	105	6	173	364	226	399	2.41e-23	107
WP_245633483.1	mhe:MHC_00430	49.2	595	295	2	1	588	1	595	7.33e-193	559
WP_245633484.1	mha:HF1_00830	66.1	363	123	0	4	366	6	368	2.76e-183	517
WP_245633489.1	mhe:MHC_05605	64.8	412	140	2	2	408	5	416	8.01e-196	552
WP_245633491.1	mha:HF1_15220	70.8	226	66	0	1	226	10	235	1.62e-114	332
WP_245633492.1	mha:HF1_15280	71.0	186	54	0	1	186	15	200	1.57e-96	283
WP_245633497.1	mha:HF1_00220	62.1	422	159	1	1	422	3	423	6.83e-186	528
WP_245633504.1	apr:Apre_0330	37.8	90	48	2	35	116	36	125	1.28e-07	54.7
WP_245633505.1	euc:EC1_08670	34.2	114	63	4	81	192	26	129	1.61e-04	47.8
WP_245633510.1	mha:HF1_14230	66.7	519	168	4	3	519	5	520	2.86e-249	697
WP_245633524.1	mhe:MHC_00670	58.2	1394	544	16	4	1367	5	1389	0.0	1577
